Performing C SOURCE FILE Test CMAKE_HAVE_LIBC_PTHREAD failed with the following output:
Change Dir: /home/groubahiefissa/chps/chps0801_projet/kokkos/parallel/gauss_seidel/build-gpu/CMakeFiles/CMakeTmp

Run Build Command(s):/usr/bin/gmake cmTC_2d0f6/fast && /usr/bin/gmake  -f CMakeFiles/cmTC_2d0f6.dir/build.make CMakeFiles/cmTC_2d0f6.dir/build
gmake[1]: Entering directory `/home/groubahiefissa/chps/chps0801_projet/kokkos/parallel/gauss_seidel/build-gpu/CMakeFiles/CMakeTmp'
Building C object CMakeFiles/cmTC_2d0f6.dir/src.c.o
/apps/2021/llvm/11.0.0/bin/clang   -DCMAKE_HAVE_LIBC_PTHREAD -o CMakeFiles/cmTC_2d0f6.dir/src.c.o -c /home/groubahiefissa/chps/chps0801_projet/kokkos/parallel/gauss_seidel/build-gpu/CMakeFiles/CMakeTmp/src.c
Linking C executable cmTC_2d0f6
/apps/spack/0.16.0/opt/spack/linux-rhel7-skylake_avx512/gcc-10.2.0/cmake-3.18.4-kw3wpvkxke7lo3atixjcvt4roclfopip/bin/cmake -E cmake_link_script CMakeFiles/cmTC_2d0f6.dir/link.txt --verbose=1
/apps/2021/llvm/11.0.0/bin/clang  -DCMAKE_HAVE_LIBC_PTHREAD CMakeFiles/cmTC_2d0f6.dir/src.c.o -o cmTC_2d0f6 
CMakeFiles/cmTC_2d0f6.dir/src.c.o: In function `main':
src.c:(.text+0x35): undefined reference to `pthread_create'
src.c:(.text+0x41): undefined reference to `pthread_detach'
src.c:(.text+0x4d): undefined reference to `pthread_cancel'
src.c:(.text+0x5f): undefined reference to `pthread_join'
src.c:(.text+0x76): undefined reference to `pthread_atfork'
clang-11: error: linker command failed with exit code 1 (use -v to see invocation)
gmake[1]: *** [cmTC_2d0f6] Error 1
gmake[1]: Leaving directory `/home/groubahiefissa/chps/chps0801_projet/kokkos/parallel/gauss_seidel/build-gpu/CMakeFiles/CMakeTmp'
gmake: *** [cmTC_2d0f6/fast] Error 2


Source file was:
#include <pthread.h>

void* test_func(void* data)
{
  return data;
}

int main(void)
{
  pthread_t thread;
  pthread_create(&thread, NULL, test_func, NULL);
  pthread_detach(thread);
  pthread_cancel(thread);
  pthread_join(thread, NULL);
  pthread_atfork(NULL, NULL, NULL);
  pthread_exit(NULL);

  return 0;
}

Determining if the function pthread_create exists in the pthreads failed with the following output:
Change Dir: /home/groubahiefissa/chps/chps0801_projet/kokkos/parallel/gauss_seidel/build-gpu/CMakeFiles/CMakeTmp

Run Build Command(s):/usr/bin/gmake cmTC_c4d44/fast && /usr/bin/gmake  -f CMakeFiles/cmTC_c4d44.dir/build.make CMakeFiles/cmTC_c4d44.dir/build
gmake[1]: Entering directory `/home/groubahiefissa/chps/chps0801_projet/kokkos/parallel/gauss_seidel/build-gpu/CMakeFiles/CMakeTmp'
Building C object CMakeFiles/cmTC_c4d44.dir/CheckFunctionExists.c.o
/apps/2021/llvm/11.0.0/bin/clang   -DCHECK_FUNCTION_EXISTS=pthread_create -o CMakeFiles/cmTC_c4d44.dir/CheckFunctionExists.c.o -c /apps/spack/0.16.0/opt/spack/linux-rhel7-skylake_avx512/gcc-10.2.0/cmake-3.18.4-kw3wpvkxke7lo3atixjcvt4roclfopip/share/cmake-3.18/Modules/CheckFunctionExists.c
Linking C executable cmTC_c4d44
/apps/spack/0.16.0/opt/spack/linux-rhel7-skylake_avx512/gcc-10.2.0/cmake-3.18.4-kw3wpvkxke7lo3atixjcvt4roclfopip/bin/cmake -E cmake_link_script CMakeFiles/cmTC_c4d44.dir/link.txt --verbose=1
/apps/2021/llvm/11.0.0/bin/clang  -DCHECK_FUNCTION_EXISTS=pthread_create CMakeFiles/cmTC_c4d44.dir/CheckFunctionExists.c.o -o cmTC_c4d44  -lpthreads 
/usr/bin/ld: cannot find -lpthreads
clang-11: error: linker command failed with exit code 1 (use -v to see invocation)
gmake[1]: *** [cmTC_c4d44] Error 1
gmake[1]: Leaving directory `/home/groubahiefissa/chps/chps0801_projet/kokkos/parallel/gauss_seidel/build-gpu/CMakeFiles/CMakeTmp'
gmake: *** [cmTC_c4d44/fast] Error 2



