The system is: Linux - 3.10.0-1160.2.2.el7.x86_64 - x86_64
Compiling the C compiler identification source file "CMakeCCompilerId.c" succeeded.
Compiler: /apps/2021/llvm/11.0.0/bin/clang 
Build flags: 
Id flags:  

The output was:
0


Compilation of the C compiler identification source "CMakeCCompilerId.c" produced "a.out"

The C compiler identification is Clang, found in "/home/groubahiefissa/chps/chps0801_projet/kokkos/parallel/gauss_seidel/build-gpu/CMakeFiles/3.18.4/CompilerIdC/a.out"

Compiling the CXX compiler identification source file "CMakeCXXCompilerId.cpp" succeeded.
Compiler: /apps/2021/llvm/11.0.0/bin/clang++ 
Build flags: 
Id flags:  

The output was:
0


Compilation of the CXX compiler identification source "CMakeCXXCompilerId.cpp" produced "a.out"

The CXX compiler identification is Clang, found in "/home/groubahiefissa/chps/chps0801_projet/kokkos/parallel/gauss_seidel/build-gpu/CMakeFiles/3.18.4/CompilerIdCXX/a.out"

Detecting C compiler ABI info compiled with the following output:
Change Dir: /home/groubahiefissa/chps/chps0801_projet/kokkos/parallel/gauss_seidel/build-gpu/CMakeFiles/CMakeTmp

Run Build Command(s):/usr/bin/gmake cmTC_6a71f/fast && /usr/bin/gmake  -f CMakeFiles/cmTC_6a71f.dir/build.make CMakeFiles/cmTC_6a71f.dir/build
gmake[1]: Entering directory `/home/groubahiefissa/chps/chps0801_projet/kokkos/parallel/gauss_seidel/build-gpu/CMakeFiles/CMakeTmp'
Building C object CMakeFiles/cmTC_6a71f.dir/CMakeCCompilerABI.c.o
/apps/2021/llvm/11.0.0/bin/clang   -v -o CMakeFiles/cmTC_6a71f.dir/CMakeCCompilerABI.c.o -c /apps/spack/0.16.0/opt/spack/linux-rhel7-skylake_avx512/gcc-10.2.0/cmake-3.18.4-kw3wpvkxke7lo3atixjcvt4roclfopip/share/cmake-3.18/Modules/CMakeCCompilerABI.c
clang version 11.0.0
Target: x86_64-unknown-linux-gnu
Thread model: posix
InstalledDir: /apps/2021/llvm/11.0.0/bin
Found candidate GCC installation: /apps/spack/0.16.0/opt/spack/linux-rhel7-skylake_avx512/gcc-10.2.0/gcc-8.1.0-gptuaqlbqaldiydae2dtm7jojw6vy6hi/lib/gcc/x86_64-pc-linux-gnu/8.1.0
Selected GCC installation: /apps/spack/0.16.0/opt/spack/linux-rhel7-skylake_avx512/gcc-10.2.0/gcc-8.1.0-gptuaqlbqaldiydae2dtm7jojw6vy6hi/lib/gcc/x86_64-pc-linux-gnu/8.1.0
Candidate multilib: .;@m64
Selected multilib: .;@m64
Found CUDA installation: /apps/2021/cuda/10.1, version 10.1
 (in-process)
 "/apps/2021/llvm/11.0.0/bin/clang-11" -cc1 -triple x86_64-unknown-linux-gnu -emit-obj -mrelax-all -disable-free -disable-llvm-verifier -discard-value-names -main-file-name CMakeCCompilerABI.c -mrelocation-model static -mframe-pointer=all -fmath-errno -fno-rounding-math -mconstructor-aliases -munwind-tables -target-cpu x86-64 -fno-split-dwarf-inlining -debugger-tuning=gdb -v -resource-dir /apps/2021/llvm/11.0.0/lib/clang/11.0.0 -I/apps/2021/cuda/10.1/include -I/apps/2021/opencv/4.5.2-contrib/include/opencv4 -c-isystem /apps/2021/llvm/11.0.0/include -c-isystem /apps/spack/0.16.0/opt/spack/linux-rhel7-skylake_avx512/gcc-10.2.0/libffi-3.3-cekv3mhygvn5fq2gr22ljv662iunrcsh/include -c-isystem /apps/spack/0.16.0/opt/spack/linux-rhel7-skylake_avx512/gcc-10.2.0/libelf-0.8.13-m5ndvdx7mc7al3xfq2venrdfo2laoy3g/include -c-isystem /apps/spack/0.16.0/opt/spack/linux-rhel7-haswell/gcc-4.8.5/isl-0.18-zwfd4x6n3v3vads3ncukk5mtgt6xv2qj/include -c-isystem /apps/spack/0.16.0/opt/spack/linux-rhel7-haswell/gcc-4.8.5/mpc-1.1.0-ijex5qs7pt44n7whqlgwqj4jwc3czkac/include -c-isystem /apps/spack/0.16.0/opt/spack/linux-rhel7-haswell/gcc-4.8.5/mpfr-4.0.2-yfoprebczoqpokivqgmnjn5os4r7mxw6/include -c-isystem /apps/spack/0.16.0/opt/spack/linux-rhel7-haswell/gcc-4.8.5/gmp-6.1.2-raqmdaosldybjrn6y2xnnnyy2f63hg6b/include -c-isystem /apps/2021/cuda/10.1/include -c-isystem /apps/spack/0.16.0/opt/spack/linux-rhel7-skylake_avx512/gcc-10.2.0/openssl-1.1.1h-iwybd6raqg2jisesulhn4eq4u6pua4r5/include -c-isystem /apps/spack/0.16.0/opt/spack/linux-rhel7-skylake_avx512/gcc-10.2.0/zlib-1.2.11-cd5sn7qr4dpsl52yco7o4un6svatshid/include -c-isystem /apps/spack/0.16.0/opt/spack/linux-rhel7-skylake_avx512/gcc-10.2.0/ncurses-6.2-hjedt2uy7o2piyycr3ttni2puoezbfu6/include -cxx-isystem /apps/2021/llvm/11.0.0/include -cxx-isystem /apps/spack/0.16.0/opt/spack/linux-rhel7-skylake_avx512/gcc-10.2.0/libffi-3.3-cekv3mhygvn5fq2gr22ljv662iunrcsh/include -cxx-isystem /apps/spack/0.16.0/opt/spack/linux-rhel7-skylake_avx512/gcc-10.2.0/libelf-0.8.13-m5ndvdx7mc7al3xfq2venrdfo2laoy3g/include -cxx-isystem /apps/spack/0.16.0/opt/spack/linux-rhel7-haswell/gcc-4.8.5/isl-0.18-zwfd4x6n3v3vads3ncukk5mtgt6xv2qj/include -cxx-isystem /apps/spack/0.16.0/opt/spack/linux-rhel7-haswell/gcc-4.8.5/mpc-1.1.0-ijex5qs7pt44n7whqlgwqj4jwc3czkac/include -cxx-isystem /apps/spack/0.16.0/opt/spack/linux-rhel7-haswell/gcc-4.8.5/mpfr-4.0.2-yfoprebczoqpokivqgmnjn5os4r7mxw6/include -cxx-isystem /apps/spack/0.16.0/opt/spack/linux-rhel7-haswell/gcc-4.8.5/gmp-6.1.2-raqmdaosldybjrn6y2xnnnyy2f63hg6b/include -cxx-isystem /apps/2021/cuda/10.1/include -cxx-isystem /apps/spack/0.16.0/opt/spack/linux-rhel7-skylake_avx512/gcc-10.2.0/openssl-1.1.1h-iwybd6raqg2jisesulhn4eq4u6pua4r5/include -cxx-isystem /apps/spack/0.16.0/opt/spack/linux-rhel7-skylake_avx512/gcc-10.2.0/zlib-1.2.11-cd5sn7qr4dpsl52yco7o4un6svatshid/include -cxx-isystem /apps/spack/0.16.0/opt/spack/linux-rhel7-skylake_avx512/gcc-10.2.0/ncurses-6.2-hjedt2uy7o2piyycr3ttni2puoezbfu6/include -objc-isystem /apps/2021/cuda/10.1/include -internal-isystem /usr/local/include -internal-isystem /apps/2021/llvm/11.0.0/lib/clang/11.0.0/include -internal-externc-isystem /include -internal-externc-isystem /usr/include -fdebug-compilation-dir /home/groubahiefissa/chps/chps0801_projet/kokkos/parallel/gauss_seidel/build-gpu/CMakeFiles/CMakeTmp -ferror-limit 19 -fgnuc-version=4.2.1 -faddrsig -o CMakeFiles/cmTC_6a71f.dir/CMakeCCompilerABI.c.o -x c /apps/spack/0.16.0/opt/spack/linux-rhel7-skylake_avx512/gcc-10.2.0/cmake-3.18.4-kw3wpvkxke7lo3atixjcvt4roclfopip/share/cmake-3.18/Modules/CMakeCCompilerABI.c
clang -cc1 version 11.0.0 based upon LLVM 11.0.0 default target x86_64-unknown-linux-gnu
ignoring nonexistent directory "/include"
ignoring duplicate directory "/apps/2021/cuda/10.1/include"
  as it is a non-system directory that duplicates a system directory
#include "..." search starts here:
#include <...> search starts here:
 /apps/2021/opencv/4.5.2-contrib/include/opencv4
 /apps/2021/llvm/11.0.0/include
 /apps/spack/0.16.0/opt/spack/linux-rhel7-skylake_avx512/gcc-10.2.0/libffi-3.3-cekv3mhygvn5fq2gr22ljv662iunrcsh/include
 /apps/spack/0.16.0/opt/spack/linux-rhel7-skylake_avx512/gcc-10.2.0/libelf-0.8.13-m5ndvdx7mc7al3xfq2venrdfo2laoy3g/include
 /apps/spack/0.16.0/opt/spack/linux-rhel7-haswell/gcc-4.8.5/isl-0.18-zwfd4x6n3v3vads3ncukk5mtgt6xv2qj/include
 /apps/spack/0.16.0/opt/spack/linux-rhel7-haswell/gcc-4.8.5/mpc-1.1.0-ijex5qs7pt44n7whqlgwqj4jwc3czkac/include
 /apps/spack/0.16.0/opt/spack/linux-rhel7-haswell/gcc-4.8.5/mpfr-4.0.2-yfoprebczoqpokivqgmnjn5os4r7mxw6/include
 /apps/spack/0.16.0/opt/spack/linux-rhel7-haswell/gcc-4.8.5/gmp-6.1.2-raqmdaosldybjrn6y2xnnnyy2f63hg6b/include
 /apps/2021/cuda/10.1/include
 /apps/spack/0.16.0/opt/spack/linux-rhel7-skylake_avx512/gcc-10.2.0/openssl-1.1.1h-iwybd6raqg2jisesulhn4eq4u6pua4r5/include
 /apps/spack/0.16.0/opt/spack/linux-rhel7-skylake_avx512/gcc-10.2.0/zlib-1.2.11-cd5sn7qr4dpsl52yco7o4un6svatshid/include
 /apps/spack/0.16.0/opt/spack/linux-rhel7-skylake_avx512/gcc-10.2.0/ncurses-6.2-hjedt2uy7o2piyycr3ttni2puoezbfu6/include
 /usr/local/include
 /apps/2021/llvm/11.0.0/lib/clang/11.0.0/include
 /usr/include
End of search list.
Linking C executable cmTC_6a71f
/apps/spack/0.16.0/opt/spack/linux-rhel7-skylake_avx512/gcc-10.2.0/cmake-3.18.4-kw3wpvkxke7lo3atixjcvt4roclfopip/bin/cmake -E cmake_link_script CMakeFiles/cmTC_6a71f.dir/link.txt --verbose=1
/apps/2021/llvm/11.0.0/bin/clang  -v CMakeFiles/cmTC_6a71f.dir/CMakeCCompilerABI.c.o -o cmTC_6a71f 
clang version 11.0.0
Target: x86_64-unknown-linux-gnu
Thread model: posix
InstalledDir: /apps/2021/llvm/11.0.0/bin
Found candidate GCC installation: /apps/spack/0.16.0/opt/spack/linux-rhel7-skylake_avx512/gcc-10.2.0/gcc-8.1.0-gptuaqlbqaldiydae2dtm7jojw6vy6hi/lib/gcc/x86_64-pc-linux-gnu/8.1.0
Selected GCC installation: /apps/spack/0.16.0/opt/spack/linux-rhel7-skylake_avx512/gcc-10.2.0/gcc-8.1.0-gptuaqlbqaldiydae2dtm7jojw6vy6hi/lib/gcc/x86_64-pc-linux-gnu/8.1.0
Candidate multilib: .;@m64
Selected multilib: .;@m64
Found CUDA installation: /apps/2021/cuda/10.1, version 10.1
 "/usr/bin/ld" --hash-style=gnu --eh-frame-hdr -m elf_x86_64 -dynamic-linker /lib64/ld-linux-x86-64.so.2 -o cmTC_6a71f /lib/../lib64/crt1.o /lib/../lib64/crti.o /apps/spack/0.16.0/opt/spack/linux-rhel7-skylake_avx512/gcc-10.2.0/gcc-8.1.0-gptuaqlbqaldiydae2dtm7jojw6vy6hi/lib/gcc/x86_64-pc-linux-gnu/8.1.0/crtbegin.o -L/apps/spack/0.16.0/opt/spack/linux-rhel7-skylake_avx512/gcc-10.2.0/gcc-8.1.0-gptuaqlbqaldiydae2dtm7jojw6vy6hi/lib/gcc/x86_64-pc-linux-gnu/8.1.0 -L/apps/spack/0.16.0/opt/spack/linux-rhel7-skylake_avx512/gcc-10.2.0/gcc-8.1.0-gptuaqlbqaldiydae2dtm7jojw6vy6hi/lib/gcc/x86_64-pc-linux-gnu/8.1.0/../../../../lib64 -L/lib/../lib64 -L/usr/lib/../lib64 -L/apps/spack/0.16.0/opt/spack/linux-rhel7-skylake_avx512/gcc-10.2.0/gcc-8.1.0-gptuaqlbqaldiydae2dtm7jojw6vy6hi/lib/gcc/x86_64-pc-linux-gnu/8.1.0/../../.. -L/apps/2021/llvm/11.0.0/bin/../lib -L/lib -L/usr/lib -L/apps/2021/llvm/11.0.0/lib -L/apps/2021/llvm/11.0.0/libexec -L/apps/spack/0.16.0/opt/spack/linux-rhel7-skylake_avx512/gcc-10.2.0/libffi-3.3-cekv3mhygvn5fq2gr22ljv662iunrcsh/lib64 -L/apps/spack/0.16.0/opt/spack/linux-rhel7-skylake_avx512/gcc-10.2.0/libffi-3.3-cekv3mhygvn5fq2gr22ljv662iunrcsh/lib -L/apps/spack/0.16.0/opt/spack/linux-rhel7-skylake_avx512/gcc-10.2.0/libelf-0.8.13-m5ndvdx7mc7al3xfq2venrdfo2laoy3g/lib -L/apps/spack/0.16.0/opt/spack/linux-rhel7-haswell/gcc-4.8.5/isl-0.18-zwfd4x6n3v3vads3ncukk5mtgt6xv2qj/lib -L/apps/spack/0.16.0/opt/spack/linux-rhel7-haswell/gcc-4.8.5/mpc-1.1.0-ijex5qs7pt44n7whqlgwqj4jwc3czkac/lib -L/apps/spack/0.16.0/opt/spack/linux-rhel7-haswell/gcc-4.8.5/mpfr-4.0.2-yfoprebczoqpokivqgmnjn5os4r7mxw6/lib -L/apps/spack/0.16.0/opt/spack/linux-rhel7-haswell/gcc-4.8.5/gmp-6.1.2-raqmdaosldybjrn6y2xnnnyy2f63hg6b/lib -L/apps/spack/0.16.0/opt/spack/linux-rhel7-skylake_avx512/gcc-10.2.0/openssl-1.1.1h-iwybd6raqg2jisesulhn4eq4u6pua4r5/lib -L/apps/spack/0.16.0/opt/spack/linux-rhel7-skylake_avx512/gcc-10.2.0/zlib-1.2.11-cd5sn7qr4dpsl52yco7o4un6svatshid/lib -L/apps/spack/0.16.0/opt/spack/linux-rhel7-skylake_avx512/gcc-10.2.0/ncurses-6.2-hjedt2uy7o2piyycr3ttni2puoezbfu6/lib -L/apps/2021/opencv/4.5.2-contrib/lib64 CMakeFiles/cmTC_6a71f.dir/CMakeCCompilerABI.c.o -lgcc --as-needed -lgcc_s --no-as-needed -lc -lgcc --as-needed -lgcc_s --no-as-needed /apps/spack/0.16.0/opt/spack/linux-rhel7-skylake_avx512/gcc-10.2.0/gcc-8.1.0-gptuaqlbqaldiydae2dtm7jojw6vy6hi/lib/gcc/x86_64-pc-linux-gnu/8.1.0/crtend.o /lib/../lib64/crtn.o
gmake[1]: Leaving directory `/home/groubahiefissa/chps/chps0801_projet/kokkos/parallel/gauss_seidel/build-gpu/CMakeFiles/CMakeTmp'



Parsed C implicit include dir info from above output: rv=done
  found start of include info
  found start of implicit include info
    add: [/apps/2021/opencv/4.5.2-contrib/include/opencv4]
    add: [/apps/2021/llvm/11.0.0/include]
    add: [/apps/spack/0.16.0/opt/spack/linux-rhel7-skylake_avx512/gcc-10.2.0/libffi-3.3-cekv3mhygvn5fq2gr22ljv662iunrcsh/include]
    add: [/apps/spack/0.16.0/opt/spack/linux-rhel7-skylake_avx512/gcc-10.2.0/libelf-0.8.13-m5ndvdx7mc7al3xfq2venrdfo2laoy3g/include]
    add: [/apps/spack/0.16.0/opt/spack/linux-rhel7-haswell/gcc-4.8.5/isl-0.18-zwfd4x6n3v3vads3ncukk5mtgt6xv2qj/include]
    add: [/apps/spack/0.16.0/opt/spack/linux-rhel7-haswell/gcc-4.8.5/mpc-1.1.0-ijex5qs7pt44n7whqlgwqj4jwc3czkac/include]
    add: [/apps/spack/0.16.0/opt/spack/linux-rhel7-haswell/gcc-4.8.5/mpfr-4.0.2-yfoprebczoqpokivqgmnjn5os4r7mxw6/include]
    add: [/apps/spack/0.16.0/opt/spack/linux-rhel7-haswell/gcc-4.8.5/gmp-6.1.2-raqmdaosldybjrn6y2xnnnyy2f63hg6b/include]
    add: [/apps/2021/cuda/10.1/include]
    add: [/apps/spack/0.16.0/opt/spack/linux-rhel7-skylake_avx512/gcc-10.2.0/openssl-1.1.1h-iwybd6raqg2jisesulhn4eq4u6pua4r5/include]
    add: [/apps/spack/0.16.0/opt/spack/linux-rhel7-skylake_avx512/gcc-10.2.0/zlib-1.2.11-cd5sn7qr4dpsl52yco7o4un6svatshid/include]
    add: [/apps/spack/0.16.0/opt/spack/linux-rhel7-skylake_avx512/gcc-10.2.0/ncurses-6.2-hjedt2uy7o2piyycr3ttni2puoezbfu6/include]
    add: [/usr/local/include]
    add: [/apps/2021/llvm/11.0.0/lib/clang/11.0.0/include]
    add: [/usr/include]
  end of search list found
  collapse include dir [/apps/2021/opencv/4.5.2-contrib/include/opencv4] ==> [/apps/2021/opencv/4.5.2-contrib/include/opencv4]
  collapse include dir [/apps/2021/llvm/11.0.0/include] ==> [/apps/2021/llvm/11.0.0/include]
  collapse include dir [/apps/spack/0.16.0/opt/spack/linux-rhel7-skylake_avx512/gcc-10.2.0/libffi-3.3-cekv3mhygvn5fq2gr22ljv662iunrcsh/include] ==> [/apps/spack/0.16.0/opt/spack/linux-rhel7-skylake_avx512/gcc-10.2.0/libffi-3.3-cekv3mhygvn5fq2gr22ljv662iunrcsh/include]
  collapse include dir [/apps/spack/0.16.0/opt/spack/linux-rhel7-skylake_avx512/gcc-10.2.0/libelf-0.8.13-m5ndvdx7mc7al3xfq2venrdfo2laoy3g/include] ==> [/apps/spack/0.16.0/opt/spack/linux-rhel7-skylake_avx512/gcc-10.2.0/libelf-0.8.13-m5ndvdx7mc7al3xfq2venrdfo2laoy3g/include]
  collapse include dir [/apps/spack/0.16.0/opt/spack/linux-rhel7-haswell/gcc-4.8.5/isl-0.18-zwfd4x6n3v3vads3ncukk5mtgt6xv2qj/include] ==> [/apps/spack/0.16.0/opt/spack/linux-rhel7-haswell/gcc-4.8.5/isl-0.18-zwfd4x6n3v3vads3ncukk5mtgt6xv2qj/include]
  collapse include dir [/apps/spack/0.16.0/opt/spack/linux-rhel7-haswell/gcc-4.8.5/mpc-1.1.0-ijex5qs7pt44n7whqlgwqj4jwc3czkac/include] ==> [/apps/spack/0.16.0/opt/spack/linux-rhel7-haswell/gcc-4.8.5/mpc-1.1.0-ijex5qs7pt44n7whqlgwqj4jwc3czkac/include]
  collapse include dir [/apps/spack/0.16.0/opt/spack/linux-rhel7-haswell/gcc-4.8.5/mpfr-4.0.2-yfoprebczoqpokivqgmnjn5os4r7mxw6/include] ==> [/apps/spack/0.16.0/opt/spack/linux-rhel7-haswell/gcc-4.8.5/mpfr-4.0.2-yfoprebczoqpokivqgmnjn5os4r7mxw6/include]
  collapse include dir [/apps/spack/0.16.0/opt/spack/linux-rhel7-haswell/gcc-4.8.5/gmp-6.1.2-raqmdaosldybjrn6y2xnnnyy2f63hg6b/include] ==> [/apps/spack/0.16.0/opt/spack/linux-rhel7-haswell/gcc-4.8.5/gmp-6.1.2-raqmdaosldybjrn6y2xnnnyy2f63hg6b/include]
  collapse include dir [/apps/2021/cuda/10.1/include] ==> [/apps/2021/cuda/10.1/include]
  collapse include dir [/apps/spack/0.16.0/opt/spack/linux-rhel7-skylake_avx512/gcc-10.2.0/openssl-1.1.1h-iwybd6raqg2jisesulhn4eq4u6pua4r5/include] ==> [/apps/spack/0.16.0/opt/spack/linux-rhel7-skylake_avx512/gcc-10.2.0/openssl-1.1.1h-iwybd6raqg2jisesulhn4eq4u6pua4r5/include]
  collapse include dir [/apps/spack/0.16.0/opt/spack/linux-rhel7-skylake_avx512/gcc-10.2.0/zlib-1.2.11-cd5sn7qr4dpsl52yco7o4un6svatshid/include] ==> [/apps/spack/0.16.0/opt/spack/linux-rhel7-skylake_avx512/gcc-10.2.0/zlib-1.2.11-cd5sn7qr4dpsl52yco7o4un6svatshid/include]
  collapse include dir [/apps/spack/0.16.0/opt/spack/linux-rhel7-skylake_avx512/gcc-10.2.0/ncurses-6.2-hjedt2uy7o2piyycr3ttni2puoezbfu6/include] ==> [/apps/spack/0.16.0/opt/spack/linux-rhel7-skylake_avx512/gcc-10.2.0/ncurses-6.2-hjedt2uy7o2piyycr3ttni2puoezbfu6/include]
  collapse include dir [/usr/local/include] ==> [/usr/local/include]
  collapse include dir [/apps/2021/llvm/11.0.0/lib/clang/11.0.0/include] ==> [/apps/2021/llvm/11.0.0/lib/clang/11.0.0/include]
  collapse include dir [/usr/include] ==> [/usr/include]
  implicit include dirs: [/apps/2021/opencv/4.5.2-contrib/include/opencv4;/apps/2021/llvm/11.0.0/include;/apps/spack/0.16.0/opt/spack/linux-rhel7-skylake_avx512/gcc-10.2.0/libffi-3.3-cekv3mhygvn5fq2gr22ljv662iunrcsh/include;/apps/spack/0.16.0/opt/spack/linux-rhel7-skylake_avx512/gcc-10.2.0/libelf-0.8.13-m5ndvdx7mc7al3xfq2venrdfo2laoy3g/include;/apps/spack/0.16.0/opt/spack/linux-rhel7-haswell/gcc-4.8.5/isl-0.18-zwfd4x6n3v3vads3ncukk5mtgt6xv2qj/include;/apps/spack/0.16.0/opt/spack/linux-rhel7-haswell/gcc-4.8.5/mpc-1.1.0-ijex5qs7pt44n7whqlgwqj4jwc3czkac/include;/apps/spack/0.16.0/opt/spack/linux-rhel7-haswell/gcc-4.8.5/mpfr-4.0.2-yfoprebczoqpokivqgmnjn5os4r7mxw6/include;/apps/spack/0.16.0/opt/spack/linux-rhel7-haswell/gcc-4.8.5/gmp-6.1.2-raqmdaosldybjrn6y2xnnnyy2f63hg6b/include;/apps/2021/cuda/10.1/include;/apps/spack/0.16.0/opt/spack/linux-rhel7-skylake_avx512/gcc-10.2.0/openssl-1.1.1h-iwybd6raqg2jisesulhn4eq4u6pua4r5/include;/apps/spack/0.16.0/opt/spack/linux-rhel7-skylake_avx512/gcc-10.2.0/zlib-1.2.11-cd5sn7qr4dpsl52yco7o4un6svatshid/include;/apps/spack/0.16.0/opt/spack/linux-rhel7-skylake_avx512/gcc-10.2.0/ncurses-6.2-hjedt2uy7o2piyycr3ttni2puoezbfu6/include;/usr/local/include;/apps/2021/llvm/11.0.0/lib/clang/11.0.0/include;/usr/include]


Parsed C implicit link information from above output:
  link line regex: [^( *|.*[/\])(ld|CMAKE_LINK_STARTFILE-NOTFOUND|([^/\]+-)?ld|collect2)[^/\]*( |$)]
  ignore line: [Change Dir: /home/groubahiefissa/chps/chps0801_projet/kokkos/parallel/gauss_seidel/build-gpu/CMakeFiles/CMakeTmp]
  ignore line: []
  ignore line: [Run Build Command(s):/usr/bin/gmake cmTC_6a71f/fast && /usr/bin/gmake  -f CMakeFiles/cmTC_6a71f.dir/build.make CMakeFiles/cmTC_6a71f.dir/build]
  ignore line: [gmake[1]: Entering directory `/home/groubahiefissa/chps/chps0801_projet/kokkos/parallel/gauss_seidel/build-gpu/CMakeFiles/CMakeTmp']
  ignore line: [Building C object CMakeFiles/cmTC_6a71f.dir/CMakeCCompilerABI.c.o]
  ignore line: [/apps/2021/llvm/11.0.0/bin/clang   -v -o CMakeFiles/cmTC_6a71f.dir/CMakeCCompilerABI.c.o -c /apps/spack/0.16.0/opt/spack/linux-rhel7-skylake_avx512/gcc-10.2.0/cmake-3.18.4-kw3wpvkxke7lo3atixjcvt4roclfopip/share/cmake-3.18/Modules/CMakeCCompilerABI.c]
  ignore line: [clang version 11.0.0]
  ignore line: [Target: x86_64-unknown-linux-gnu]
  ignore line: [Thread model: posix]
  ignore line: [InstalledDir: /apps/2021/llvm/11.0.0/bin]
  ignore line: [Found candidate GCC installation: /apps/spack/0.16.0/opt/spack/linux-rhel7-skylake_avx512/gcc-10.2.0/gcc-8.1.0-gptuaqlbqaldiydae2dtm7jojw6vy6hi/lib/gcc/x86_64-pc-linux-gnu/8.1.0]
  ignore line: [Selected GCC installation: /apps/spack/0.16.0/opt/spack/linux-rhel7-skylake_avx512/gcc-10.2.0/gcc-8.1.0-gptuaqlbqaldiydae2dtm7jojw6vy6hi/lib/gcc/x86_64-pc-linux-gnu/8.1.0]
  ignore line: [Candidate multilib: .]
  ignore line: [@m64]
  ignore line: [Selected multilib: .]
  ignore line: [@m64]
  ignore line: [Found CUDA installation: /apps/2021/cuda/10.1  version 10.1]
  ignore line: [ (in-process)]
  ignore line: [ "/apps/2021/llvm/11.0.0/bin/clang-11" -cc1 -triple x86_64-unknown-linux-gnu -emit-obj -mrelax-all -disable-free -disable-llvm-verifier -discard-value-names -main-file-name CMakeCCompilerABI.c -mrelocation-model static -mframe-pointer=all -fmath-errno -fno-rounding-math -mconstructor-aliases -munwind-tables -target-cpu x86-64 -fno-split-dwarf-inlining -debugger-tuning=gdb -v -resource-dir /apps/2021/llvm/11.0.0/lib/clang/11.0.0 -I/apps/2021/cuda/10.1/include -I/apps/2021/opencv/4.5.2-contrib/include/opencv4 -c-isystem /apps/2021/llvm/11.0.0/include -c-isystem /apps/spack/0.16.0/opt/spack/linux-rhel7-skylake_avx512/gcc-10.2.0/libffi-3.3-cekv3mhygvn5fq2gr22ljv662iunrcsh/include -c-isystem /apps/spack/0.16.0/opt/spack/linux-rhel7-skylake_avx512/gcc-10.2.0/libelf-0.8.13-m5ndvdx7mc7al3xfq2venrdfo2laoy3g/include -c-isystem /apps/spack/0.16.0/opt/spack/linux-rhel7-haswell/gcc-4.8.5/isl-0.18-zwfd4x6n3v3vads3ncukk5mtgt6xv2qj/include -c-isystem /apps/spack/0.16.0/opt/spack/linux-rhel7-haswell/gcc-4.8.5/mpc-1.1.0-ijex5qs7pt44n7whqlgwqj4jwc3czkac/include -c-isystem /apps/spack/0.16.0/opt/spack/linux-rhel7-haswell/gcc-4.8.5/mpfr-4.0.2-yfoprebczoqpokivqgmnjn5os4r7mxw6/include -c-isystem /apps/spack/0.16.0/opt/spack/linux-rhel7-haswell/gcc-4.8.5/gmp-6.1.2-raqmdaosldybjrn6y2xnnnyy2f63hg6b/include -c-isystem /apps/2021/cuda/10.1/include -c-isystem /apps/spack/0.16.0/opt/spack/linux-rhel7-skylake_avx512/gcc-10.2.0/openssl-1.1.1h-iwybd6raqg2jisesulhn4eq4u6pua4r5/include -c-isystem /apps/spack/0.16.0/opt/spack/linux-rhel7-skylake_avx512/gcc-10.2.0/zlib-1.2.11-cd5sn7qr4dpsl52yco7o4un6svatshid/include -c-isystem /apps/spack/0.16.0/opt/spack/linux-rhel7-skylake_avx512/gcc-10.2.0/ncurses-6.2-hjedt2uy7o2piyycr3ttni2puoezbfu6/include -cxx-isystem /apps/2021/llvm/11.0.0/include -cxx-isystem /apps/spack/0.16.0/opt/spack/linux-rhel7-skylake_avx512/gcc-10.2.0/libffi-3.3-cekv3mhygvn5fq2gr22ljv662iunrcsh/include -cxx-isystem /apps/spack/0.16.0/opt/spack/linux-rhel7-skylake_avx512/gcc-10.2.0/libelf-0.8.13-m5ndvdx7mc7al3xfq2venrdfo2laoy3g/include -cxx-isystem /apps/spack/0.16.0/opt/spack/linux-rhel7-haswell/gcc-4.8.5/isl-0.18-zwfd4x6n3v3vads3ncukk5mtgt6xv2qj/include -cxx-isystem /apps/spack/0.16.0/opt/spack/linux-rhel7-haswell/gcc-4.8.5/mpc-1.1.0-ijex5qs7pt44n7whqlgwqj4jwc3czkac/include -cxx-isystem /apps/spack/0.16.0/opt/spack/linux-rhel7-haswell/gcc-4.8.5/mpfr-4.0.2-yfoprebczoqpokivqgmnjn5os4r7mxw6/include -cxx-isystem /apps/spack/0.16.0/opt/spack/linux-rhel7-haswell/gcc-4.8.5/gmp-6.1.2-raqmdaosldybjrn6y2xnnnyy2f63hg6b/include -cxx-isystem /apps/2021/cuda/10.1/include -cxx-isystem /apps/spack/0.16.0/opt/spack/linux-rhel7-skylake_avx512/gcc-10.2.0/openssl-1.1.1h-iwybd6raqg2jisesulhn4eq4u6pua4r5/include -cxx-isystem /apps/spack/0.16.0/opt/spack/linux-rhel7-skylake_avx512/gcc-10.2.0/zlib-1.2.11-cd5sn7qr4dpsl52yco7o4un6svatshid/include -cxx-isystem /apps/spack/0.16.0/opt/spack/linux-rhel7-skylake_avx512/gcc-10.2.0/ncurses-6.2-hjedt2uy7o2piyycr3ttni2puoezbfu6/include -objc-isystem /apps/2021/cuda/10.1/include -internal-isystem /usr/local/include -internal-isystem /apps/2021/llvm/11.0.0/lib/clang/11.0.0/include -internal-externc-isystem /include -internal-externc-isystem /usr/include -fdebug-compilation-dir /home/groubahiefissa/chps/chps0801_projet/kokkos/parallel/gauss_seidel/build-gpu/CMakeFiles/CMakeTmp -ferror-limit 19 -fgnuc-version=4.2.1 -faddrsig -o CMakeFiles/cmTC_6a71f.dir/CMakeCCompilerABI.c.o -x c /apps/spack/0.16.0/opt/spack/linux-rhel7-skylake_avx512/gcc-10.2.0/cmake-3.18.4-kw3wpvkxke7lo3atixjcvt4roclfopip/share/cmake-3.18/Modules/CMakeCCompilerABI.c]
  ignore line: [clang -cc1 version 11.0.0 based upon LLVM 11.0.0 default target x86_64-unknown-linux-gnu]
  ignore line: [ignoring nonexistent directory "/include"]
  ignore line: [ignoring duplicate directory "/apps/2021/cuda/10.1/include"]
  ignore line: [  as it is a non-system directory that duplicates a system directory]
  ignore line: [#include "..." search starts here:]
  ignore line: [#include <...> search starts here:]
  ignore line: [ /apps/2021/opencv/4.5.2-contrib/include/opencv4]
  ignore line: [ /apps/2021/llvm/11.0.0/include]
  ignore line: [ /apps/spack/0.16.0/opt/spack/linux-rhel7-skylake_avx512/gcc-10.2.0/libffi-3.3-cekv3mhygvn5fq2gr22ljv662iunrcsh/include]
  ignore line: [ /apps/spack/0.16.0/opt/spack/linux-rhel7-skylake_avx512/gcc-10.2.0/libelf-0.8.13-m5ndvdx7mc7al3xfq2venrdfo2laoy3g/include]
  ignore line: [ /apps/spack/0.16.0/opt/spack/linux-rhel7-haswell/gcc-4.8.5/isl-0.18-zwfd4x6n3v3vads3ncukk5mtgt6xv2qj/include]
  ignore line: [ /apps/spack/0.16.0/opt/spack/linux-rhel7-haswell/gcc-4.8.5/mpc-1.1.0-ijex5qs7pt44n7whqlgwqj4jwc3czkac/include]
  ignore line: [ /apps/spack/0.16.0/opt/spack/linux-rhel7-haswell/gcc-4.8.5/mpfr-4.0.2-yfoprebczoqpokivqgmnjn5os4r7mxw6/include]
  ignore line: [ /apps/spack/0.16.0/opt/spack/linux-rhel7-haswell/gcc-4.8.5/gmp-6.1.2-raqmdaosldybjrn6y2xnnnyy2f63hg6b/include]
  ignore line: [ /apps/2021/cuda/10.1/include]
  ignore line: [ /apps/spack/0.16.0/opt/spack/linux-rhel7-skylake_avx512/gcc-10.2.0/openssl-1.1.1h-iwybd6raqg2jisesulhn4eq4u6pua4r5/include]
  ignore line: [ /apps/spack/0.16.0/opt/spack/linux-rhel7-skylake_avx512/gcc-10.2.0/zlib-1.2.11-cd5sn7qr4dpsl52yco7o4un6svatshid/include]
  ignore line: [ /apps/spack/0.16.0/opt/spack/linux-rhel7-skylake_avx512/gcc-10.2.0/ncurses-6.2-hjedt2uy7o2piyycr3ttni2puoezbfu6/include]
  ignore line: [ /usr/local/include]
  ignore line: [ /apps/2021/llvm/11.0.0/lib/clang/11.0.0/include]
  ignore line: [ /usr/include]
  ignore line: [End of search list.]
  ignore line: [Linking C executable cmTC_6a71f]
  ignore line: [/apps/spack/0.16.0/opt/spack/linux-rhel7-skylake_avx512/gcc-10.2.0/cmake-3.18.4-kw3wpvkxke7lo3atixjcvt4roclfopip/bin/cmake -E cmake_link_script CMakeFiles/cmTC_6a71f.dir/link.txt --verbose=1]
  ignore line: [/apps/2021/llvm/11.0.0/bin/clang  -v CMakeFiles/cmTC_6a71f.dir/CMakeCCompilerABI.c.o -o cmTC_6a71f ]
  ignore line: [clang version 11.0.0]
  ignore line: [Target: x86_64-unknown-linux-gnu]
  ignore line: [Thread model: posix]
  ignore line: [InstalledDir: /apps/2021/llvm/11.0.0/bin]
  ignore line: [Found candidate GCC installation: /apps/spack/0.16.0/opt/spack/linux-rhel7-skylake_avx512/gcc-10.2.0/gcc-8.1.0-gptuaqlbqaldiydae2dtm7jojw6vy6hi/lib/gcc/x86_64-pc-linux-gnu/8.1.0]
  ignore line: [Selected GCC installation: /apps/spack/0.16.0/opt/spack/linux-rhel7-skylake_avx512/gcc-10.2.0/gcc-8.1.0-gptuaqlbqaldiydae2dtm7jojw6vy6hi/lib/gcc/x86_64-pc-linux-gnu/8.1.0]
  ignore line: [Candidate multilib: .]
  ignore line: [@m64]
  ignore line: [Selected multilib: .]
  ignore line: [@m64]
  ignore line: [Found CUDA installation: /apps/2021/cuda/10.1  version 10.1]
  link line: [ "/usr/bin/ld" --hash-style=gnu --eh-frame-hdr -m elf_x86_64 -dynamic-linker /lib64/ld-linux-x86-64.so.2 -o cmTC_6a71f /lib/../lib64/crt1.o /lib/../lib64/crti.o /apps/spack/0.16.0/opt/spack/linux-rhel7-skylake_avx512/gcc-10.2.0/gcc-8.1.0-gptuaqlbqaldiydae2dtm7jojw6vy6hi/lib/gcc/x86_64-pc-linux-gnu/8.1.0/crtbegin.o -L/apps/spack/0.16.0/opt/spack/linux-rhel7-skylake_avx512/gcc-10.2.0/gcc-8.1.0-gptuaqlbqaldiydae2dtm7jojw6vy6hi/lib/gcc/x86_64-pc-linux-gnu/8.1.0 -L/apps/spack/0.16.0/opt/spack/linux-rhel7-skylake_avx512/gcc-10.2.0/gcc-8.1.0-gptuaqlbqaldiydae2dtm7jojw6vy6hi/lib/gcc/x86_64-pc-linux-gnu/8.1.0/../../../../lib64 -L/lib/../lib64 -L/usr/lib/../lib64 -L/apps/spack/0.16.0/opt/spack/linux-rhel7-skylake_avx512/gcc-10.2.0/gcc-8.1.0-gptuaqlbqaldiydae2dtm7jojw6vy6hi/lib/gcc/x86_64-pc-linux-gnu/8.1.0/../../.. -L/apps/2021/llvm/11.0.0/bin/../lib -L/lib -L/usr/lib -L/apps/2021/llvm/11.0.0/lib -L/apps/2021/llvm/11.0.0/libexec -L/apps/spack/0.16.0/opt/spack/linux-rhel7-skylake_avx512/gcc-10.2.0/libffi-3.3-cekv3mhygvn5fq2gr22ljv662iunrcsh/lib64 -L/apps/spack/0.16.0/opt/spack/linux-rhel7-skylake_avx512/gcc-10.2.0/libffi-3.3-cekv3mhygvn5fq2gr22ljv662iunrcsh/lib -L/apps/spack/0.16.0/opt/spack/linux-rhel7-skylake_avx512/gcc-10.2.0/libelf-0.8.13-m5ndvdx7mc7al3xfq2venrdfo2laoy3g/lib -L/apps/spack/0.16.0/opt/spack/linux-rhel7-haswell/gcc-4.8.5/isl-0.18-zwfd4x6n3v3vads3ncukk5mtgt6xv2qj/lib -L/apps/spack/0.16.0/opt/spack/linux-rhel7-haswell/gcc-4.8.5/mpc-1.1.0-ijex5qs7pt44n7whqlgwqj4jwc3czkac/lib -L/apps/spack/0.16.0/opt/spack/linux-rhel7-haswell/gcc-4.8.5/mpfr-4.0.2-yfoprebczoqpokivqgmnjn5os4r7mxw6/lib -L/apps/spack/0.16.0/opt/spack/linux-rhel7-haswell/gcc-4.8.5/gmp-6.1.2-raqmdaosldybjrn6y2xnnnyy2f63hg6b/lib -L/apps/spack/0.16.0/opt/spack/linux-rhel7-skylake_avx512/gcc-10.2.0/openssl-1.1.1h-iwybd6raqg2jisesulhn4eq4u6pua4r5/lib -L/apps/spack/0.16.0/opt/spack/linux-rhel7-skylake_avx512/gcc-10.2.0/zlib-1.2.11-cd5sn7qr4dpsl52yco7o4un6svatshid/lib -L/apps/spack/0.16.0/opt/spack/linux-rhel7-skylake_avx512/gcc-10.2.0/ncurses-6.2-hjedt2uy7o2piyycr3ttni2puoezbfu6/lib -L/apps/2021/opencv/4.5.2-contrib/lib64 CMakeFiles/cmTC_6a71f.dir/CMakeCCompilerABI.c.o -lgcc --as-needed -lgcc_s --no-as-needed -lc -lgcc --as-needed -lgcc_s --no-as-needed /apps/spack/0.16.0/opt/spack/linux-rhel7-skylake_avx512/gcc-10.2.0/gcc-8.1.0-gptuaqlbqaldiydae2dtm7jojw6vy6hi/lib/gcc/x86_64-pc-linux-gnu/8.1.0/crtend.o /lib/../lib64/crtn.o]
    arg [/usr/bin/ld] ==> ignore
    arg [--hash-style=gnu] ==> ignore
    arg [--eh-frame-hdr] ==> ignore
    arg [-m] ==> ignore
    arg [elf_x86_64] ==> ignore
    arg [-dynamic-linker] ==> ignore
    arg [/lib64/ld-linux-x86-64.so.2] ==> ignore
    arg [-o] ==> ignore
    arg [cmTC_6a71f] ==> ignore
    arg [/lib/../lib64/crt1.o] ==> ignore
    arg [/lib/../lib64/crti.o] ==> ignore
    arg [/apps/spack/0.16.0/opt/spack/linux-rhel7-skylake_avx512/gcc-10.2.0/gcc-8.1.0-gptuaqlbqaldiydae2dtm7jojw6vy6hi/lib/gcc/x86_64-pc-linux-gnu/8.1.0/crtbegin.o] ==> ignore
    arg [-L/apps/spack/0.16.0/opt/spack/linux-rhel7-skylake_avx512/gcc-10.2.0/gcc-8.1.0-gptuaqlbqaldiydae2dtm7jojw6vy6hi/lib/gcc/x86_64-pc-linux-gnu/8.1.0] ==> dir [/apps/spack/0.16.0/opt/spack/linux-rhel7-skylake_avx512/gcc-10.2.0/gcc-8.1.0-gptuaqlbqaldiydae2dtm7jojw6vy6hi/lib/gcc/x86_64-pc-linux-gnu/8.1.0]
    arg [-L/apps/spack/0.16.0/opt/spack/linux-rhel7-skylake_avx512/gcc-10.2.0/gcc-8.1.0-gptuaqlbqaldiydae2dtm7jojw6vy6hi/lib/gcc/x86_64-pc-linux-gnu/8.1.0/../../../../lib64] ==> dir [/apps/spack/0.16.0/opt/spack/linux-rhel7-skylake_avx512/gcc-10.2.0/gcc-8.1.0-gptuaqlbqaldiydae2dtm7jojw6vy6hi/lib/gcc/x86_64-pc-linux-gnu/8.1.0/../../../../lib64]
    arg [-L/lib/../lib64] ==> dir [/lib/../lib64]
    arg [-L/usr/lib/../lib64] ==> dir [/usr/lib/../lib64]
    arg [-L/apps/spack/0.16.0/opt/spack/linux-rhel7-skylake_avx512/gcc-10.2.0/gcc-8.1.0-gptuaqlbqaldiydae2dtm7jojw6vy6hi/lib/gcc/x86_64-pc-linux-gnu/8.1.0/../../..] ==> dir [/apps/spack/0.16.0/opt/spack/linux-rhel7-skylake_avx512/gcc-10.2.0/gcc-8.1.0-gptuaqlbqaldiydae2dtm7jojw6vy6hi/lib/gcc/x86_64-pc-linux-gnu/8.1.0/../../..]
    arg [-L/apps/2021/llvm/11.0.0/bin/../lib] ==> dir [/apps/2021/llvm/11.0.0/bin/../lib]
    arg [-L/lib] ==> dir [/lib]
    arg [-L/usr/lib] ==> dir [/usr/lib]
    arg [-L/apps/2021/llvm/11.0.0/lib] ==> dir [/apps/2021/llvm/11.0.0/lib]
    arg [-L/apps/2021/llvm/11.0.0/libexec] ==> dir [/apps/2021/llvm/11.0.0/libexec]
    arg [-L/apps/spack/0.16.0/opt/spack/linux-rhel7-skylake_avx512/gcc-10.2.0/libffi-3.3-cekv3mhygvn5fq2gr22ljv662iunrcsh/lib64] ==> dir [/apps/spack/0.16.0/opt/spack/linux-rhel7-skylake_avx512/gcc-10.2.0/libffi-3.3-cekv3mhygvn5fq2gr22ljv662iunrcsh/lib64]
    arg [-L/apps/spack/0.16.0/opt/spack/linux-rhel7-skylake_avx512/gcc-10.2.0/libffi-3.3-cekv3mhygvn5fq2gr22ljv662iunrcsh/lib] ==> dir [/apps/spack/0.16.0/opt/spack/linux-rhel7-skylake_avx512/gcc-10.2.0/libffi-3.3-cekv3mhygvn5fq2gr22ljv662iunrcsh/lib]
    arg [-L/apps/spack/0.16.0/opt/spack/linux-rhel7-skylake_avx512/gcc-10.2.0/libelf-0.8.13-m5ndvdx7mc7al3xfq2venrdfo2laoy3g/lib] ==> dir [/apps/spack/0.16.0/opt/spack/linux-rhel7-skylake_avx512/gcc-10.2.0/libelf-0.8.13-m5ndvdx7mc7al3xfq2venrdfo2laoy3g/lib]
    arg [-L/apps/spack/0.16.0/opt/spack/linux-rhel7-haswell/gcc-4.8.5/isl-0.18-zwfd4x6n3v3vads3ncukk5mtgt6xv2qj/lib] ==> dir [/apps/spack/0.16.0/opt/spack/linux-rhel7-haswell/gcc-4.8.5/isl-0.18-zwfd4x6n3v3vads3ncukk5mtgt6xv2qj/lib]
    arg [-L/apps/spack/0.16.0/opt/spack/linux-rhel7-haswell/gcc-4.8.5/mpc-1.1.0-ijex5qs7pt44n7whqlgwqj4jwc3czkac/lib] ==> dir [/apps/spack/0.16.0/opt/spack/linux-rhel7-haswell/gcc-4.8.5/mpc-1.1.0-ijex5qs7pt44n7whqlgwqj4jwc3czkac/lib]
    arg [-L/apps/spack/0.16.0/opt/spack/linux-rhel7-haswell/gcc-4.8.5/mpfr-4.0.2-yfoprebczoqpokivqgmnjn5os4r7mxw6/lib] ==> dir [/apps/spack/0.16.0/opt/spack/linux-rhel7-haswell/gcc-4.8.5/mpfr-4.0.2-yfoprebczoqpokivqgmnjn5os4r7mxw6/lib]
    arg [-L/apps/spack/0.16.0/opt/spack/linux-rhel7-haswell/gcc-4.8.5/gmp-6.1.2-raqmdaosldybjrn6y2xnnnyy2f63hg6b/lib] ==> dir [/apps/spack/0.16.0/opt/spack/linux-rhel7-haswell/gcc-4.8.5/gmp-6.1.2-raqmdaosldybjrn6y2xnnnyy2f63hg6b/lib]
    arg [-L/apps/spack/0.16.0/opt/spack/linux-rhel7-skylake_avx512/gcc-10.2.0/openssl-1.1.1h-iwybd6raqg2jisesulhn4eq4u6pua4r5/lib] ==> dir [/apps/spack/0.16.0/opt/spack/linux-rhel7-skylake_avx512/gcc-10.2.0/openssl-1.1.1h-iwybd6raqg2jisesulhn4eq4u6pua4r5/lib]
    arg [-L/apps/spack/0.16.0/opt/spack/linux-rhel7-skylake_avx512/gcc-10.2.0/zlib-1.2.11-cd5sn7qr4dpsl52yco7o4un6svatshid/lib] ==> dir [/apps/spack/0.16.0/opt/spack/linux-rhel7-skylake_avx512/gcc-10.2.0/zlib-1.2.11-cd5sn7qr4dpsl52yco7o4un6svatshid/lib]
    arg [-L/apps/spack/0.16.0/opt/spack/linux-rhel7-skylake_avx512/gcc-10.2.0/ncurses-6.2-hjedt2uy7o2piyycr3ttni2puoezbfu6/lib] ==> dir [/apps/spack/0.16.0/opt/spack/linux-rhel7-skylake_avx512/gcc-10.2.0/ncurses-6.2-hjedt2uy7o2piyycr3ttni2puoezbfu6/lib]
    arg [-L/apps/2021/opencv/4.5.2-contrib/lib64] ==> dir [/apps/2021/opencv/4.5.2-contrib/lib64]
    arg [CMakeFiles/cmTC_6a71f.dir/CMakeCCompilerABI.c.o] ==> ignore
    arg [-lgcc] ==> lib [gcc]
    arg [--as-needed] ==> ignore
    arg [-lgcc_s] ==> lib [gcc_s]
    arg [--no-as-needed] ==> ignore
    arg [-lc] ==> lib [c]
    arg [-lgcc] ==> lib [gcc]
    arg [--as-needed] ==> ignore
    arg [-lgcc_s] ==> lib [gcc_s]
    arg [--no-as-needed] ==> ignore
    arg [/apps/spack/0.16.0/opt/spack/linux-rhel7-skylake_avx512/gcc-10.2.0/gcc-8.1.0-gptuaqlbqaldiydae2dtm7jojw6vy6hi/lib/gcc/x86_64-pc-linux-gnu/8.1.0/crtend.o] ==> ignore
    arg [/lib/../lib64/crtn.o] ==> ignore
  collapse library dir [/apps/spack/0.16.0/opt/spack/linux-rhel7-skylake_avx512/gcc-10.2.0/gcc-8.1.0-gptuaqlbqaldiydae2dtm7jojw6vy6hi/lib/gcc/x86_64-pc-linux-gnu/8.1.0] ==> [/apps/spack/0.16.0/opt/spack/linux-rhel7-skylake_avx512/gcc-10.2.0/gcc-8.1.0-gptuaqlbqaldiydae2dtm7jojw6vy6hi/lib/gcc/x86_64-pc-linux-gnu/8.1.0]
  collapse library dir [/apps/spack/0.16.0/opt/spack/linux-rhel7-skylake_avx512/gcc-10.2.0/gcc-8.1.0-gptuaqlbqaldiydae2dtm7jojw6vy6hi/lib/gcc/x86_64-pc-linux-gnu/8.1.0/../../../../lib64] ==> [/apps/spack/0.16.0/opt/spack/linux-rhel7-skylake_avx512/gcc-10.2.0/gcc-8.1.0-gptuaqlbqaldiydae2dtm7jojw6vy6hi/lib64]
  collapse library dir [/lib/../lib64] ==> [/lib64]
  collapse library dir [/usr/lib/../lib64] ==> [/usr/lib64]
  collapse library dir [/apps/spack/0.16.0/opt/spack/linux-rhel7-skylake_avx512/gcc-10.2.0/gcc-8.1.0-gptuaqlbqaldiydae2dtm7jojw6vy6hi/lib/gcc/x86_64-pc-linux-gnu/8.1.0/../../..] ==> [/apps/spack/0.16.0/opt/spack/linux-rhel7-skylake_avx512/gcc-10.2.0/gcc-8.1.0-gptuaqlbqaldiydae2dtm7jojw6vy6hi/lib]
  collapse library dir [/apps/2021/llvm/11.0.0/bin/../lib] ==> [/apps/2021/llvm/11.0.0/lib]
  collapse library dir [/lib] ==> [/lib]
  collapse library dir [/usr/lib] ==> [/usr/lib]
  collapse library dir [/apps/2021/llvm/11.0.0/lib] ==> [/apps/2021/llvm/11.0.0/lib]
  collapse library dir [/apps/2021/llvm/11.0.0/libexec] ==> [/apps/2021/llvm/11.0.0/libexec]
  collapse library dir [/apps/spack/0.16.0/opt/spack/linux-rhel7-skylake_avx512/gcc-10.2.0/libffi-3.3-cekv3mhygvn5fq2gr22ljv662iunrcsh/lib64] ==> [/apps/spack/0.16.0/opt/spack/linux-rhel7-skylake_avx512/gcc-10.2.0/libffi-3.3-cekv3mhygvn5fq2gr22ljv662iunrcsh/lib64]
  collapse library dir [/apps/spack/0.16.0/opt/spack/linux-rhel7-skylake_avx512/gcc-10.2.0/libffi-3.3-cekv3mhygvn5fq2gr22ljv662iunrcsh/lib] ==> [/apps/spack/0.16.0/opt/spack/linux-rhel7-skylake_avx512/gcc-10.2.0/libffi-3.3-cekv3mhygvn5fq2gr22ljv662iunrcsh/lib]
  collapse library dir [/apps/spack/0.16.0/opt/spack/linux-rhel7-skylake_avx512/gcc-10.2.0/libelf-0.8.13-m5ndvdx7mc7al3xfq2venrdfo2laoy3g/lib] ==> [/apps/spack/0.16.0/opt/spack/linux-rhel7-skylake_avx512/gcc-10.2.0/libelf-0.8.13-m5ndvdx7mc7al3xfq2venrdfo2laoy3g/lib]
  collapse library dir [/apps/spack/0.16.0/opt/spack/linux-rhel7-haswell/gcc-4.8.5/isl-0.18-zwfd4x6n3v3vads3ncukk5mtgt6xv2qj/lib] ==> [/apps/spack/0.16.0/opt/spack/linux-rhel7-haswell/gcc-4.8.5/isl-0.18-zwfd4x6n3v3vads3ncukk5mtgt6xv2qj/lib]
  collapse library dir [/apps/spack/0.16.0/opt/spack/linux-rhel7-haswell/gcc-4.8.5/mpc-1.1.0-ijex5qs7pt44n7whqlgwqj4jwc3czkac/lib] ==> [/apps/spack/0.16.0/opt/spack/linux-rhel7-haswell/gcc-4.8.5/mpc-1.1.0-ijex5qs7pt44n7whqlgwqj4jwc3czkac/lib]
  collapse library dir [/apps/spack/0.16.0/opt/spack/linux-rhel7-haswell/gcc-4.8.5/mpfr-4.0.2-yfoprebczoqpokivqgmnjn5os4r7mxw6/lib] ==> [/apps/spack/0.16.0/opt/spack/linux-rhel7-haswell/gcc-4.8.5/mpfr-4.0.2-yfoprebczoqpokivqgmnjn5os4r7mxw6/lib]
  collapse library dir [/apps/spack/0.16.0/opt/spack/linux-rhel7-haswell/gcc-4.8.5/gmp-6.1.2-raqmdaosldybjrn6y2xnnnyy2f63hg6b/lib] ==> [/apps/spack/0.16.0/opt/spack/linux-rhel7-haswell/gcc-4.8.5/gmp-6.1.2-raqmdaosldybjrn6y2xnnnyy2f63hg6b/lib]
  collapse library dir [/apps/spack/0.16.0/opt/spack/linux-rhel7-skylake_avx512/gcc-10.2.0/openssl-1.1.1h-iwybd6raqg2jisesulhn4eq4u6pua4r5/lib] ==> [/apps/spack/0.16.0/opt/spack/linux-rhel7-skylake_avx512/gcc-10.2.0/openssl-1.1.1h-iwybd6raqg2jisesulhn4eq4u6pua4r5/lib]
  collapse library dir [/apps/spack/0.16.0/opt/spack/linux-rhel7-skylake_avx512/gcc-10.2.0/zlib-1.2.11-cd5sn7qr4dpsl52yco7o4un6svatshid/lib] ==> [/apps/spack/0.16.0/opt/spack/linux-rhel7-skylake_avx512/gcc-10.2.0/zlib-1.2.11-cd5sn7qr4dpsl52yco7o4un6svatshid/lib]
  collapse library dir [/apps/spack/0.16.0/opt/spack/linux-rhel7-skylake_avx512/gcc-10.2.0/ncurses-6.2-hjedt2uy7o2piyycr3ttni2puoezbfu6/lib] ==> [/apps/spack/0.16.0/opt/spack/linux-rhel7-skylake_avx512/gcc-10.2.0/ncurses-6.2-hjedt2uy7o2piyycr3ttni2puoezbfu6/lib]
  collapse library dir [/apps/2021/opencv/4.5.2-contrib/lib64] ==> [/apps/2021/opencv/4.5.2-contrib/lib64]
  implicit libs: [gcc;gcc_s;c;gcc;gcc_s]
  implicit dirs: [/apps/spack/0.16.0/opt/spack/linux-rhel7-skylake_avx512/gcc-10.2.0/gcc-8.1.0-gptuaqlbqaldiydae2dtm7jojw6vy6hi/lib/gcc/x86_64-pc-linux-gnu/8.1.0;/apps/spack/0.16.0/opt/spack/linux-rhel7-skylake_avx512/gcc-10.2.0/gcc-8.1.0-gptuaqlbqaldiydae2dtm7jojw6vy6hi/lib64;/lib64;/usr/lib64;/apps/spack/0.16.0/opt/spack/linux-rhel7-skylake_avx512/gcc-10.2.0/gcc-8.1.0-gptuaqlbqaldiydae2dtm7jojw6vy6hi/lib;/apps/2021/llvm/11.0.0/lib;/lib;/usr/lib;/apps/2021/llvm/11.0.0/libexec;/apps/spack/0.16.0/opt/spack/linux-rhel7-skylake_avx512/gcc-10.2.0/libffi-3.3-cekv3mhygvn5fq2gr22ljv662iunrcsh/lib64;/apps/spack/0.16.0/opt/spack/linux-rhel7-skylake_avx512/gcc-10.2.0/libffi-3.3-cekv3mhygvn5fq2gr22ljv662iunrcsh/lib;/apps/spack/0.16.0/opt/spack/linux-rhel7-skylake_avx512/gcc-10.2.0/libelf-0.8.13-m5ndvdx7mc7al3xfq2venrdfo2laoy3g/lib;/apps/spack/0.16.0/opt/spack/linux-rhel7-haswell/gcc-4.8.5/isl-0.18-zwfd4x6n3v3vads3ncukk5mtgt6xv2qj/lib;/apps/spack/0.16.0/opt/spack/linux-rhel7-haswell/gcc-4.8.5/mpc-1.1.0-ijex5qs7pt44n7whqlgwqj4jwc3czkac/lib;/apps/spack/0.16.0/opt/spack/linux-rhel7-haswell/gcc-4.8.5/mpfr-4.0.2-yfoprebczoqpokivqgmnjn5os4r7mxw6/lib;/apps/spack/0.16.0/opt/spack/linux-rhel7-haswell/gcc-4.8.5/gmp-6.1.2-raqmdaosldybjrn6y2xnnnyy2f63hg6b/lib;/apps/spack/0.16.0/opt/spack/linux-rhel7-skylake_avx512/gcc-10.2.0/openssl-1.1.1h-iwybd6raqg2jisesulhn4eq4u6pua4r5/lib;/apps/spack/0.16.0/opt/spack/linux-rhel7-skylake_avx512/gcc-10.2.0/zlib-1.2.11-cd5sn7qr4dpsl52yco7o4un6svatshid/lib;/apps/spack/0.16.0/opt/spack/linux-rhel7-skylake_avx512/gcc-10.2.0/ncurses-6.2-hjedt2uy7o2piyycr3ttni2puoezbfu6/lib;/apps/2021/opencv/4.5.2-contrib/lib64]
  implicit fwks: []


Detecting CXX compiler ABI info compiled with the following output:
Change Dir: /home/groubahiefissa/chps/chps0801_projet/kokkos/parallel/gauss_seidel/build-gpu/CMakeFiles/CMakeTmp

Run Build Command(s):/usr/bin/gmake cmTC_e7be1/fast && /usr/bin/gmake  -f CMakeFiles/cmTC_e7be1.dir/build.make CMakeFiles/cmTC_e7be1.dir/build
gmake[1]: Entering directory `/home/groubahiefissa/chps/chps0801_projet/kokkos/parallel/gauss_seidel/build-gpu/CMakeFiles/CMakeTmp'
Building CXX object CMakeFiles/cmTC_e7be1.dir/CMakeCXXCompilerABI.cpp.o
/apps/2021/llvm/11.0.0/bin/clang++   -v -o CMakeFiles/cmTC_e7be1.dir/CMakeCXXCompilerABI.cpp.o -c /apps/spack/0.16.0/opt/spack/linux-rhel7-skylake_avx512/gcc-10.2.0/cmake-3.18.4-kw3wpvkxke7lo3atixjcvt4roclfopip/share/cmake-3.18/Modules/CMakeCXXCompilerABI.cpp
clang version 11.0.0
Target: x86_64-unknown-linux-gnu
Thread model: posix
InstalledDir: /apps/2021/llvm/11.0.0/bin
Found candidate GCC installation: /apps/spack/0.16.0/opt/spack/linux-rhel7-skylake_avx512/gcc-10.2.0/gcc-8.1.0-gptuaqlbqaldiydae2dtm7jojw6vy6hi/lib/gcc/x86_64-pc-linux-gnu/8.1.0
Selected GCC installation: /apps/spack/0.16.0/opt/spack/linux-rhel7-skylake_avx512/gcc-10.2.0/gcc-8.1.0-gptuaqlbqaldiydae2dtm7jojw6vy6hi/lib/gcc/x86_64-pc-linux-gnu/8.1.0
Candidate multilib: .;@m64
Selected multilib: .;@m64
Found CUDA installation: /apps/2021/cuda/10.1, version 10.1
 (in-process)
 "/apps/2021/llvm/11.0.0/bin/clang-11" -cc1 -triple x86_64-unknown-linux-gnu -emit-obj -mrelax-all -disable-free -disable-llvm-verifier -discard-value-names -main-file-name CMakeCXXCompilerABI.cpp -mrelocation-model static -mframe-pointer=all -fmath-errno -fno-rounding-math -mconstructor-aliases -munwind-tables -target-cpu x86-64 -fno-split-dwarf-inlining -debugger-tuning=gdb -v -resource-dir /apps/2021/llvm/11.0.0/lib/clang/11.0.0 -I/apps/2021/cuda/10.1/include -I/apps/2021/opencv/4.5.2-contrib/include/opencv4 -c-isystem /apps/2021/llvm/11.0.0/include -c-isystem /apps/spack/0.16.0/opt/spack/linux-rhel7-skylake_avx512/gcc-10.2.0/libffi-3.3-cekv3mhygvn5fq2gr22ljv662iunrcsh/include -c-isystem /apps/spack/0.16.0/opt/spack/linux-rhel7-skylake_avx512/gcc-10.2.0/libelf-0.8.13-m5ndvdx7mc7al3xfq2venrdfo2laoy3g/include -c-isystem /apps/spack/0.16.0/opt/spack/linux-rhel7-haswell/gcc-4.8.5/isl-0.18-zwfd4x6n3v3vads3ncukk5mtgt6xv2qj/include -c-isystem /apps/spack/0.16.0/opt/spack/linux-rhel7-haswell/gcc-4.8.5/mpc-1.1.0-ijex5qs7pt44n7whqlgwqj4jwc3czkac/include -c-isystem /apps/spack/0.16.0/opt/spack/linux-rhel7-haswell/gcc-4.8.5/mpfr-4.0.2-yfoprebczoqpokivqgmnjn5os4r7mxw6/include -c-isystem /apps/spack/0.16.0/opt/spack/linux-rhel7-haswell/gcc-4.8.5/gmp-6.1.2-raqmdaosldybjrn6y2xnnnyy2f63hg6b/include -c-isystem /apps/2021/cuda/10.1/include -c-isystem /apps/spack/0.16.0/opt/spack/linux-rhel7-skylake_avx512/gcc-10.2.0/openssl-1.1.1h-iwybd6raqg2jisesulhn4eq4u6pua4r5/include -c-isystem /apps/spack/0.16.0/opt/spack/linux-rhel7-skylake_avx512/gcc-10.2.0/zlib-1.2.11-cd5sn7qr4dpsl52yco7o4un6svatshid/include -c-isystem /apps/spack/0.16.0/opt/spack/linux-rhel7-skylake_avx512/gcc-10.2.0/ncurses-6.2-hjedt2uy7o2piyycr3ttni2puoezbfu6/include -cxx-isystem /apps/2021/llvm/11.0.0/include -cxx-isystem /apps/spack/0.16.0/opt/spack/linux-rhel7-skylake_avx512/gcc-10.2.0/libffi-3.3-cekv3mhygvn5fq2gr22ljv662iunrcsh/include -cxx-isystem /apps/spack/0.16.0/opt/spack/linux-rhel7-skylake_avx512/gcc-10.2.0/libelf-0.8.13-m5ndvdx7mc7al3xfq2venrdfo2laoy3g/include -cxx-isystem /apps/spack/0.16.0/opt/spack/linux-rhel7-haswell/gcc-4.8.5/isl-0.18-zwfd4x6n3v3vads3ncukk5mtgt6xv2qj/include -cxx-isystem /apps/spack/0.16.0/opt/spack/linux-rhel7-haswell/gcc-4.8.5/mpc-1.1.0-ijex5qs7pt44n7whqlgwqj4jwc3czkac/include -cxx-isystem /apps/spack/0.16.0/opt/spack/linux-rhel7-haswell/gcc-4.8.5/mpfr-4.0.2-yfoprebczoqpokivqgmnjn5os4r7mxw6/include -cxx-isystem /apps/spack/0.16.0/opt/spack/linux-rhel7-haswell/gcc-4.8.5/gmp-6.1.2-raqmdaosldybjrn6y2xnnnyy2f63hg6b/include -cxx-isystem /apps/2021/cuda/10.1/include -cxx-isystem /apps/spack/0.16.0/opt/spack/linux-rhel7-skylake_avx512/gcc-10.2.0/openssl-1.1.1h-iwybd6raqg2jisesulhn4eq4u6pua4r5/include -cxx-isystem /apps/spack/0.16.0/opt/spack/linux-rhel7-skylake_avx512/gcc-10.2.0/zlib-1.2.11-cd5sn7qr4dpsl52yco7o4un6svatshid/include -cxx-isystem /apps/spack/0.16.0/opt/spack/linux-rhel7-skylake_avx512/gcc-10.2.0/ncurses-6.2-hjedt2uy7o2piyycr3ttni2puoezbfu6/include -objc-isystem /apps/2021/cuda/10.1/include -internal-isystem /apps/spack/0.16.0/opt/spack/linux-rhel7-skylake_avx512/gcc-10.2.0/gcc-8.1.0-gptuaqlbqaldiydae2dtm7jojw6vy6hi/lib/gcc/x86_64-pc-linux-gnu/8.1.0/../../../../include/c++/8.1.0 -internal-isystem /apps/spack/0.16.0/opt/spack/linux-rhel7-skylake_avx512/gcc-10.2.0/gcc-8.1.0-gptuaqlbqaldiydae2dtm7jojw6vy6hi/lib/gcc/x86_64-pc-linux-gnu/8.1.0/../../../../include/c++/8.1.0/x86_64-pc-linux-gnu -internal-isystem /apps/spack/0.16.0/opt/spack/linux-rhel7-skylake_avx512/gcc-10.2.0/gcc-8.1.0-gptuaqlbqaldiydae2dtm7jojw6vy6hi/lib/gcc/x86_64-pc-linux-gnu/8.1.0/../../../../include/c++/8.1.0/backward -internal-isystem /usr/local/include -internal-isystem /apps/2021/llvm/11.0.0/lib/clang/11.0.0/include -internal-externc-isystem /include -internal-externc-isystem /usr/include -fdeprecated-macro -fdebug-compilation-dir /home/groubahiefissa/chps/chps0801_projet/kokkos/parallel/gauss_seidel/build-gpu/CMakeFiles/CMakeTmp -ferror-limit 19 -fgnuc-version=4.2.1 -fcxx-exceptions -fexceptions -faddrsig -o CMakeFiles/cmTC_e7be1.dir/CMakeCXXCompilerABI.cpp.o -x c++ /apps/spack/0.16.0/opt/spack/linux-rhel7-skylake_avx512/gcc-10.2.0/cmake-3.18.4-kw3wpvkxke7lo3atixjcvt4roclfopip/share/cmake-3.18/Modules/CMakeCXXCompilerABI.cpp
clang -cc1 version 11.0.0 based upon LLVM 11.0.0 default target x86_64-unknown-linux-gnu
ignoring nonexistent directory "/include"
ignoring duplicate directory "/apps/2021/cuda/10.1/include"
  as it is a non-system directory that duplicates a system directory
#include "..." search starts here:
#include <...> search starts here:
 /apps/2021/opencv/4.5.2-contrib/include/opencv4
 /apps/2021/llvm/11.0.0/include
 /apps/spack/0.16.0/opt/spack/linux-rhel7-skylake_avx512/gcc-10.2.0/libffi-3.3-cekv3mhygvn5fq2gr22ljv662iunrcsh/include
 /apps/spack/0.16.0/opt/spack/linux-rhel7-skylake_avx512/gcc-10.2.0/libelf-0.8.13-m5ndvdx7mc7al3xfq2venrdfo2laoy3g/include
 /apps/spack/0.16.0/opt/spack/linux-rhel7-haswell/gcc-4.8.5/isl-0.18-zwfd4x6n3v3vads3ncukk5mtgt6xv2qj/include
 /apps/spack/0.16.0/opt/spack/linux-rhel7-haswell/gcc-4.8.5/mpc-1.1.0-ijex5qs7pt44n7whqlgwqj4jwc3czkac/include
 /apps/spack/0.16.0/opt/spack/linux-rhel7-haswell/gcc-4.8.5/mpfr-4.0.2-yfoprebczoqpokivqgmnjn5os4r7mxw6/include
 /apps/spack/0.16.0/opt/spack/linux-rhel7-haswell/gcc-4.8.5/gmp-6.1.2-raqmdaosldybjrn6y2xnnnyy2f63hg6b/include
 /apps/2021/cuda/10.1/include
 /apps/spack/0.16.0/opt/spack/linux-rhel7-skylake_avx512/gcc-10.2.0/openssl-1.1.1h-iwybd6raqg2jisesulhn4eq4u6pua4r5/include
 /apps/spack/0.16.0/opt/spack/linux-rhel7-skylake_avx512/gcc-10.2.0/zlib-1.2.11-cd5sn7qr4dpsl52yco7o4un6svatshid/include
 /apps/spack/0.16.0/opt/spack/linux-rhel7-skylake_avx512/gcc-10.2.0/ncurses-6.2-hjedt2uy7o2piyycr3ttni2puoezbfu6/include
 /apps/spack/0.16.0/opt/spack/linux-rhel7-skylake_avx512/gcc-10.2.0/gcc-8.1.0-gptuaqlbqaldiydae2dtm7jojw6vy6hi/lib/gcc/x86_64-pc-linux-gnu/8.1.0/../../../../include/c++/8.1.0
 /apps/spack/0.16.0/opt/spack/linux-rhel7-skylake_avx512/gcc-10.2.0/gcc-8.1.0-gptuaqlbqaldiydae2dtm7jojw6vy6hi/lib/gcc/x86_64-pc-linux-gnu/8.1.0/../../../../include/c++/8.1.0/x86_64-pc-linux-gnu
 /apps/spack/0.16.0/opt/spack/linux-rhel7-skylake_avx512/gcc-10.2.0/gcc-8.1.0-gptuaqlbqaldiydae2dtm7jojw6vy6hi/lib/gcc/x86_64-pc-linux-gnu/8.1.0/../../../../include/c++/8.1.0/backward
 /usr/local/include
 /apps/2021/llvm/11.0.0/lib/clang/11.0.0/include
 /usr/include
End of search list.
Linking CXX executable cmTC_e7be1
/apps/spack/0.16.0/opt/spack/linux-rhel7-skylake_avx512/gcc-10.2.0/cmake-3.18.4-kw3wpvkxke7lo3atixjcvt4roclfopip/bin/cmake -E cmake_link_script CMakeFiles/cmTC_e7be1.dir/link.txt --verbose=1
/apps/2021/llvm/11.0.0/bin/clang++  -v CMakeFiles/cmTC_e7be1.dir/CMakeCXXCompilerABI.cpp.o -o cmTC_e7be1 
clang version 11.0.0
Target: x86_64-unknown-linux-gnu
Thread model: posix
InstalledDir: /apps/2021/llvm/11.0.0/bin
Found candidate GCC installation: /apps/spack/0.16.0/opt/spack/linux-rhel7-skylake_avx512/gcc-10.2.0/gcc-8.1.0-gptuaqlbqaldiydae2dtm7jojw6vy6hi/lib/gcc/x86_64-pc-linux-gnu/8.1.0
Selected GCC installation: /apps/spack/0.16.0/opt/spack/linux-rhel7-skylake_avx512/gcc-10.2.0/gcc-8.1.0-gptuaqlbqaldiydae2dtm7jojw6vy6hi/lib/gcc/x86_64-pc-linux-gnu/8.1.0
Candidate multilib: .;@m64
Selected multilib: .;@m64
Found CUDA installation: /apps/2021/cuda/10.1, version 10.1
 "/usr/bin/ld" --hash-style=gnu --eh-frame-hdr -m elf_x86_64 -dynamic-linker /lib64/ld-linux-x86-64.so.2 -o cmTC_e7be1 /lib/../lib64/crt1.o /lib/../lib64/crti.o /apps/spack/0.16.0/opt/spack/linux-rhel7-skylake_avx512/gcc-10.2.0/gcc-8.1.0-gptuaqlbqaldiydae2dtm7jojw6vy6hi/lib/gcc/x86_64-pc-linux-gnu/8.1.0/crtbegin.o -L/apps/spack/0.16.0/opt/spack/linux-rhel7-skylake_avx512/gcc-10.2.0/gcc-8.1.0-gptuaqlbqaldiydae2dtm7jojw6vy6hi/lib/gcc/x86_64-pc-linux-gnu/8.1.0 -L/apps/spack/0.16.0/opt/spack/linux-rhel7-skylake_avx512/gcc-10.2.0/gcc-8.1.0-gptuaqlbqaldiydae2dtm7jojw6vy6hi/lib/gcc/x86_64-pc-linux-gnu/8.1.0/../../../../lib64 -L/lib/../lib64 -L/usr/lib/../lib64 -L/apps/spack/0.16.0/opt/spack/linux-rhel7-skylake_avx512/gcc-10.2.0/gcc-8.1.0-gptuaqlbqaldiydae2dtm7jojw6vy6hi/lib/gcc/x86_64-pc-linux-gnu/8.1.0/../../.. -L/apps/2021/llvm/11.0.0/bin/../lib -L/lib -L/usr/lib -L/apps/2021/llvm/11.0.0/lib -L/apps/2021/llvm/11.0.0/libexec -L/apps/spack/0.16.0/opt/spack/linux-rhel7-skylake_avx512/gcc-10.2.0/libffi-3.3-cekv3mhygvn5fq2gr22ljv662iunrcsh/lib64 -L/apps/spack/0.16.0/opt/spack/linux-rhel7-skylake_avx512/gcc-10.2.0/libffi-3.3-cekv3mhygvn5fq2gr22ljv662iunrcsh/lib -L/apps/spack/0.16.0/opt/spack/linux-rhel7-skylake_avx512/gcc-10.2.0/libelf-0.8.13-m5ndvdx7mc7al3xfq2venrdfo2laoy3g/lib -L/apps/spack/0.16.0/opt/spack/linux-rhel7-haswell/gcc-4.8.5/isl-0.18-zwfd4x6n3v3vads3ncukk5mtgt6xv2qj/lib -L/apps/spack/0.16.0/opt/spack/linux-rhel7-haswell/gcc-4.8.5/mpc-1.1.0-ijex5qs7pt44n7whqlgwqj4jwc3czkac/lib -L/apps/spack/0.16.0/opt/spack/linux-rhel7-haswell/gcc-4.8.5/mpfr-4.0.2-yfoprebczoqpokivqgmnjn5os4r7mxw6/lib -L/apps/spack/0.16.0/opt/spack/linux-rhel7-haswell/gcc-4.8.5/gmp-6.1.2-raqmdaosldybjrn6y2xnnnyy2f63hg6b/lib -L/apps/spack/0.16.0/opt/spack/linux-rhel7-skylake_avx512/gcc-10.2.0/openssl-1.1.1h-iwybd6raqg2jisesulhn4eq4u6pua4r5/lib -L/apps/spack/0.16.0/opt/spack/linux-rhel7-skylake_avx512/gcc-10.2.0/zlib-1.2.11-cd5sn7qr4dpsl52yco7o4un6svatshid/lib -L/apps/spack/0.16.0/opt/spack/linux-rhel7-skylake_avx512/gcc-10.2.0/ncurses-6.2-hjedt2uy7o2piyycr3ttni2puoezbfu6/lib -L/apps/2021/opencv/4.5.2-contrib/lib64 CMakeFiles/cmTC_e7be1.dir/CMakeCXXCompilerABI.cpp.o -lstdc++ -lm -lgcc_s -lgcc -lc -lgcc_s -lgcc /apps/spack/0.16.0/opt/spack/linux-rhel7-skylake_avx512/gcc-10.2.0/gcc-8.1.0-gptuaqlbqaldiydae2dtm7jojw6vy6hi/lib/gcc/x86_64-pc-linux-gnu/8.1.0/crtend.o /lib/../lib64/crtn.o
gmake[1]: Leaving directory `/home/groubahiefissa/chps/chps0801_projet/kokkos/parallel/gauss_seidel/build-gpu/CMakeFiles/CMakeTmp'



Parsed CXX implicit include dir info from above output: rv=done
  found start of include info
  found start of implicit include info
    add: [/apps/2021/opencv/4.5.2-contrib/include/opencv4]
    add: [/apps/2021/llvm/11.0.0/include]
    add: [/apps/spack/0.16.0/opt/spack/linux-rhel7-skylake_avx512/gcc-10.2.0/libffi-3.3-cekv3mhygvn5fq2gr22ljv662iunrcsh/include]
    add: [/apps/spack/0.16.0/opt/spack/linux-rhel7-skylake_avx512/gcc-10.2.0/libelf-0.8.13-m5ndvdx7mc7al3xfq2venrdfo2laoy3g/include]
    add: [/apps/spack/0.16.0/opt/spack/linux-rhel7-haswell/gcc-4.8.5/isl-0.18-zwfd4x6n3v3vads3ncukk5mtgt6xv2qj/include]
    add: [/apps/spack/0.16.0/opt/spack/linux-rhel7-haswell/gcc-4.8.5/mpc-1.1.0-ijex5qs7pt44n7whqlgwqj4jwc3czkac/include]
    add: [/apps/spack/0.16.0/opt/spack/linux-rhel7-haswell/gcc-4.8.5/mpfr-4.0.2-yfoprebczoqpokivqgmnjn5os4r7mxw6/include]
    add: [/apps/spack/0.16.0/opt/spack/linux-rhel7-haswell/gcc-4.8.5/gmp-6.1.2-raqmdaosldybjrn6y2xnnnyy2f63hg6b/include]
    add: [/apps/2021/cuda/10.1/include]
    add: [/apps/spack/0.16.0/opt/spack/linux-rhel7-skylake_avx512/gcc-10.2.0/openssl-1.1.1h-iwybd6raqg2jisesulhn4eq4u6pua4r5/include]
    add: [/apps/spack/0.16.0/opt/spack/linux-rhel7-skylake_avx512/gcc-10.2.0/zlib-1.2.11-cd5sn7qr4dpsl52yco7o4un6svatshid/include]
    add: [/apps/spack/0.16.0/opt/spack/linux-rhel7-skylake_avx512/gcc-10.2.0/ncurses-6.2-hjedt2uy7o2piyycr3ttni2puoezbfu6/include]
    add: [/apps/spack/0.16.0/opt/spack/linux-rhel7-skylake_avx512/gcc-10.2.0/gcc-8.1.0-gptuaqlbqaldiydae2dtm7jojw6vy6hi/lib/gcc/x86_64-pc-linux-gnu/8.1.0/../../../../include/c++/8.1.0]
    add: [/apps/spack/0.16.0/opt/spack/linux-rhel7-skylake_avx512/gcc-10.2.0/gcc-8.1.0-gptuaqlbqaldiydae2dtm7jojw6vy6hi/lib/gcc/x86_64-pc-linux-gnu/8.1.0/../../../../include/c++/8.1.0/x86_64-pc-linux-gnu]
    add: [/apps/spack/0.16.0/opt/spack/linux-rhel7-skylake_avx512/gcc-10.2.0/gcc-8.1.0-gptuaqlbqaldiydae2dtm7jojw6vy6hi/lib/gcc/x86_64-pc-linux-gnu/8.1.0/../../../../include/c++/8.1.0/backward]
    add: [/usr/local/include]
    add: [/apps/2021/llvm/11.0.0/lib/clang/11.0.0/include]
    add: [/usr/include]
  end of search list found
  collapse include dir [/apps/2021/opencv/4.5.2-contrib/include/opencv4] ==> [/apps/2021/opencv/4.5.2-contrib/include/opencv4]
  collapse include dir [/apps/2021/llvm/11.0.0/include] ==> [/apps/2021/llvm/11.0.0/include]
  collapse include dir [/apps/spack/0.16.0/opt/spack/linux-rhel7-skylake_avx512/gcc-10.2.0/libffi-3.3-cekv3mhygvn5fq2gr22ljv662iunrcsh/include] ==> [/apps/spack/0.16.0/opt/spack/linux-rhel7-skylake_avx512/gcc-10.2.0/libffi-3.3-cekv3mhygvn5fq2gr22ljv662iunrcsh/include]
  collapse include dir [/apps/spack/0.16.0/opt/spack/linux-rhel7-skylake_avx512/gcc-10.2.0/libelf-0.8.13-m5ndvdx7mc7al3xfq2venrdfo2laoy3g/include] ==> [/apps/spack/0.16.0/opt/spack/linux-rhel7-skylake_avx512/gcc-10.2.0/libelf-0.8.13-m5ndvdx7mc7al3xfq2venrdfo2laoy3g/include]
  collapse include dir [/apps/spack/0.16.0/opt/spack/linux-rhel7-haswell/gcc-4.8.5/isl-0.18-zwfd4x6n3v3vads3ncukk5mtgt6xv2qj/include] ==> [/apps/spack/0.16.0/opt/spack/linux-rhel7-haswell/gcc-4.8.5/isl-0.18-zwfd4x6n3v3vads3ncukk5mtgt6xv2qj/include]
  collapse include dir [/apps/spack/0.16.0/opt/spack/linux-rhel7-haswell/gcc-4.8.5/mpc-1.1.0-ijex5qs7pt44n7whqlgwqj4jwc3czkac/include] ==> [/apps/spack/0.16.0/opt/spack/linux-rhel7-haswell/gcc-4.8.5/mpc-1.1.0-ijex5qs7pt44n7whqlgwqj4jwc3czkac/include]
  collapse include dir [/apps/spack/0.16.0/opt/spack/linux-rhel7-haswell/gcc-4.8.5/mpfr-4.0.2-yfoprebczoqpokivqgmnjn5os4r7mxw6/include] ==> [/apps/spack/0.16.0/opt/spack/linux-rhel7-haswell/gcc-4.8.5/mpfr-4.0.2-yfoprebczoqpokivqgmnjn5os4r7mxw6/include]
  collapse include dir [/apps/spack/0.16.0/opt/spack/linux-rhel7-haswell/gcc-4.8.5/gmp-6.1.2-raqmdaosldybjrn6y2xnnnyy2f63hg6b/include] ==> [/apps/spack/0.16.0/opt/spack/linux-rhel7-haswell/gcc-4.8.5/gmp-6.1.2-raqmdaosldybjrn6y2xnnnyy2f63hg6b/include]
  collapse include dir [/apps/2021/cuda/10.1/include] ==> [/apps/2021/cuda/10.1/include]
  collapse include dir [/apps/spack/0.16.0/opt/spack/linux-rhel7-skylake_avx512/gcc-10.2.0/openssl-1.1.1h-iwybd6raqg2jisesulhn4eq4u6pua4r5/include] ==> [/apps/spack/0.16.0/opt/spack/linux-rhel7-skylake_avx512/gcc-10.2.0/openssl-1.1.1h-iwybd6raqg2jisesulhn4eq4u6pua4r5/include]
  collapse include dir [/apps/spack/0.16.0/opt/spack/linux-rhel7-skylake_avx512/gcc-10.2.0/zlib-1.2.11-cd5sn7qr4dpsl52yco7o4un6svatshid/include] ==> [/apps/spack/0.16.0/opt/spack/linux-rhel7-skylake_avx512/gcc-10.2.0/zlib-1.2.11-cd5sn7qr4dpsl52yco7o4un6svatshid/include]
  collapse include dir [/apps/spack/0.16.0/opt/spack/linux-rhel7-skylake_avx512/gcc-10.2.0/ncurses-6.2-hjedt2uy7o2piyycr3ttni2puoezbfu6/include] ==> [/apps/spack/0.16.0/opt/spack/linux-rhel7-skylake_avx512/gcc-10.2.0/ncurses-6.2-hjedt2uy7o2piyycr3ttni2puoezbfu6/include]
  collapse include dir [/apps/spack/0.16.0/opt/spack/linux-rhel7-skylake_avx512/gcc-10.2.0/gcc-8.1.0-gptuaqlbqaldiydae2dtm7jojw6vy6hi/lib/gcc/x86_64-pc-linux-gnu/8.1.0/../../../../include/c++/8.1.0] ==> [/apps/spack/0.16.0/opt/spack/linux-rhel7-skylake_avx512/gcc-10.2.0/gcc-8.1.0-gptuaqlbqaldiydae2dtm7jojw6vy6hi/include/c++/8.1.0]
  collapse include dir [/apps/spack/0.16.0/opt/spack/linux-rhel7-skylake_avx512/gcc-10.2.0/gcc-8.1.0-gptuaqlbqaldiydae2dtm7jojw6vy6hi/lib/gcc/x86_64-pc-linux-gnu/8.1.0/../../../../include/c++/8.1.0/x86_64-pc-linux-gnu] ==> [/apps/spack/0.16.0/opt/spack/linux-rhel7-skylake_avx512/gcc-10.2.0/gcc-8.1.0-gptuaqlbqaldiydae2dtm7jojw6vy6hi/include/c++/8.1.0/x86_64-pc-linux-gnu]
  collapse include dir [/apps/spack/0.16.0/opt/spack/linux-rhel7-skylake_avx512/gcc-10.2.0/gcc-8.1.0-gptuaqlbqaldiydae2dtm7jojw6vy6hi/lib/gcc/x86_64-pc-linux-gnu/8.1.0/../../../../include/c++/8.1.0/backward] ==> [/apps/spack/0.16.0/opt/spack/linux-rhel7-skylake_avx512/gcc-10.2.0/gcc-8.1.0-gptuaqlbqaldiydae2dtm7jojw6vy6hi/include/c++/8.1.0/backward]
  collapse include dir [/usr/local/include] ==> [/usr/local/include]
  collapse include dir [/apps/2021/llvm/11.0.0/lib/clang/11.0.0/include] ==> [/apps/2021/llvm/11.0.0/lib/clang/11.0.0/include]
  collapse include dir [/usr/include] ==> [/usr/include]
  implicit include dirs: [/apps/2021/opencv/4.5.2-contrib/include/opencv4;/apps/2021/llvm/11.0.0/include;/apps/spack/0.16.0/opt/spack/linux-rhel7-skylake_avx512/gcc-10.2.0/libffi-3.3-cekv3mhygvn5fq2gr22ljv662iunrcsh/include;/apps/spack/0.16.0/opt/spack/linux-rhel7-skylake_avx512/gcc-10.2.0/libelf-0.8.13-m5ndvdx7mc7al3xfq2venrdfo2laoy3g/include;/apps/spack/0.16.0/opt/spack/linux-rhel7-haswell/gcc-4.8.5/isl-0.18-zwfd4x6n3v3vads3ncukk5mtgt6xv2qj/include;/apps/spack/0.16.0/opt/spack/linux-rhel7-haswell/gcc-4.8.5/mpc-1.1.0-ijex5qs7pt44n7whqlgwqj4jwc3czkac/include;/apps/spack/0.16.0/opt/spack/linux-rhel7-haswell/gcc-4.8.5/mpfr-4.0.2-yfoprebczoqpokivqgmnjn5os4r7mxw6/include;/apps/spack/0.16.0/opt/spack/linux-rhel7-haswell/gcc-4.8.5/gmp-6.1.2-raqmdaosldybjrn6y2xnnnyy2f63hg6b/include;/apps/2021/cuda/10.1/include;/apps/spack/0.16.0/opt/spack/linux-rhel7-skylake_avx512/gcc-10.2.0/openssl-1.1.1h-iwybd6raqg2jisesulhn4eq4u6pua4r5/include;/apps/spack/0.16.0/opt/spack/linux-rhel7-skylake_avx512/gcc-10.2.0/zlib-1.2.11-cd5sn7qr4dpsl52yco7o4un6svatshid/include;/apps/spack/0.16.0/opt/spack/linux-rhel7-skylake_avx512/gcc-10.2.0/ncurses-6.2-hjedt2uy7o2piyycr3ttni2puoezbfu6/include;/apps/spack/0.16.0/opt/spack/linux-rhel7-skylake_avx512/gcc-10.2.0/gcc-8.1.0-gptuaqlbqaldiydae2dtm7jojw6vy6hi/include/c++/8.1.0;/apps/spack/0.16.0/opt/spack/linux-rhel7-skylake_avx512/gcc-10.2.0/gcc-8.1.0-gptuaqlbqaldiydae2dtm7jojw6vy6hi/include/c++/8.1.0/x86_64-pc-linux-gnu;/apps/spack/0.16.0/opt/spack/linux-rhel7-skylake_avx512/gcc-10.2.0/gcc-8.1.0-gptuaqlbqaldiydae2dtm7jojw6vy6hi/include/c++/8.1.0/backward;/usr/local/include;/apps/2021/llvm/11.0.0/lib/clang/11.0.0/include;/usr/include]


Parsed CXX implicit link information from above output:
  link line regex: [^( *|.*[/\])(ld|CMAKE_LINK_STARTFILE-NOTFOUND|([^/\]+-)?ld|collect2)[^/\]*( |$)]
  ignore line: [Change Dir: /home/groubahiefissa/chps/chps0801_projet/kokkos/parallel/gauss_seidel/build-gpu/CMakeFiles/CMakeTmp]
  ignore line: []
  ignore line: [Run Build Command(s):/usr/bin/gmake cmTC_e7be1/fast && /usr/bin/gmake  -f CMakeFiles/cmTC_e7be1.dir/build.make CMakeFiles/cmTC_e7be1.dir/build]
  ignore line: [gmake[1]: Entering directory `/home/groubahiefissa/chps/chps0801_projet/kokkos/parallel/gauss_seidel/build-gpu/CMakeFiles/CMakeTmp']
  ignore line: [Building CXX object CMakeFiles/cmTC_e7be1.dir/CMakeCXXCompilerABI.cpp.o]
  ignore line: [/apps/2021/llvm/11.0.0/bin/clang++   -v -o CMakeFiles/cmTC_e7be1.dir/CMakeCXXCompilerABI.cpp.o -c /apps/spack/0.16.0/opt/spack/linux-rhel7-skylake_avx512/gcc-10.2.0/cmake-3.18.4-kw3wpvkxke7lo3atixjcvt4roclfopip/share/cmake-3.18/Modules/CMakeCXXCompilerABI.cpp]
  ignore line: [clang version 11.0.0]
  ignore line: [Target: x86_64-unknown-linux-gnu]
  ignore line: [Thread model: posix]
  ignore line: [InstalledDir: /apps/2021/llvm/11.0.0/bin]
  ignore line: [Found candidate GCC installation: /apps/spack/0.16.0/opt/spack/linux-rhel7-skylake_avx512/gcc-10.2.0/gcc-8.1.0-gptuaqlbqaldiydae2dtm7jojw6vy6hi/lib/gcc/x86_64-pc-linux-gnu/8.1.0]
  ignore line: [Selected GCC installation: /apps/spack/0.16.0/opt/spack/linux-rhel7-skylake_avx512/gcc-10.2.0/gcc-8.1.0-gptuaqlbqaldiydae2dtm7jojw6vy6hi/lib/gcc/x86_64-pc-linux-gnu/8.1.0]
  ignore line: [Candidate multilib: .]
  ignore line: [@m64]
  ignore line: [Selected multilib: .]
  ignore line: [@m64]
  ignore line: [Found CUDA installation: /apps/2021/cuda/10.1  version 10.1]
  ignore line: [ (in-process)]
  ignore line: [ "/apps/2021/llvm/11.0.0/bin/clang-11" -cc1 -triple x86_64-unknown-linux-gnu -emit-obj -mrelax-all -disable-free -disable-llvm-verifier -discard-value-names -main-file-name CMakeCXXCompilerABI.cpp -mrelocation-model static -mframe-pointer=all -fmath-errno -fno-rounding-math -mconstructor-aliases -munwind-tables -target-cpu x86-64 -fno-split-dwarf-inlining -debugger-tuning=gdb -v -resource-dir /apps/2021/llvm/11.0.0/lib/clang/11.0.0 -I/apps/2021/cuda/10.1/include -I/apps/2021/opencv/4.5.2-contrib/include/opencv4 -c-isystem /apps/2021/llvm/11.0.0/include -c-isystem /apps/spack/0.16.0/opt/spack/linux-rhel7-skylake_avx512/gcc-10.2.0/libffi-3.3-cekv3mhygvn5fq2gr22ljv662iunrcsh/include -c-isystem /apps/spack/0.16.0/opt/spack/linux-rhel7-skylake_avx512/gcc-10.2.0/libelf-0.8.13-m5ndvdx7mc7al3xfq2venrdfo2laoy3g/include -c-isystem /apps/spack/0.16.0/opt/spack/linux-rhel7-haswell/gcc-4.8.5/isl-0.18-zwfd4x6n3v3vads3ncukk5mtgt6xv2qj/include -c-isystem /apps/spack/0.16.0/opt/spack/linux-rhel7-haswell/gcc-4.8.5/mpc-1.1.0-ijex5qs7pt44n7whqlgwqj4jwc3czkac/include -c-isystem /apps/spack/0.16.0/opt/spack/linux-rhel7-haswell/gcc-4.8.5/mpfr-4.0.2-yfoprebczoqpokivqgmnjn5os4r7mxw6/include -c-isystem /apps/spack/0.16.0/opt/spack/linux-rhel7-haswell/gcc-4.8.5/gmp-6.1.2-raqmdaosldybjrn6y2xnnnyy2f63hg6b/include -c-isystem /apps/2021/cuda/10.1/include -c-isystem /apps/spack/0.16.0/opt/spack/linux-rhel7-skylake_avx512/gcc-10.2.0/openssl-1.1.1h-iwybd6raqg2jisesulhn4eq4u6pua4r5/include -c-isystem /apps/spack/0.16.0/opt/spack/linux-rhel7-skylake_avx512/gcc-10.2.0/zlib-1.2.11-cd5sn7qr4dpsl52yco7o4un6svatshid/include -c-isystem /apps/spack/0.16.0/opt/spack/linux-rhel7-skylake_avx512/gcc-10.2.0/ncurses-6.2-hjedt2uy7o2piyycr3ttni2puoezbfu6/include -cxx-isystem /apps/2021/llvm/11.0.0/include -cxx-isystem /apps/spack/0.16.0/opt/spack/linux-rhel7-skylake_avx512/gcc-10.2.0/libffi-3.3-cekv3mhygvn5fq2gr22ljv662iunrcsh/include -cxx-isystem /apps/spack/0.16.0/opt/spack/linux-rhel7-skylake_avx512/gcc-10.2.0/libelf-0.8.13-m5ndvdx7mc7al3xfq2venrdfo2laoy3g/include -cxx-isystem /apps/spack/0.16.0/opt/spack/linux-rhel7-haswell/gcc-4.8.5/isl-0.18-zwfd4x6n3v3vads3ncukk5mtgt6xv2qj/include -cxx-isystem /apps/spack/0.16.0/opt/spack/linux-rhel7-haswell/gcc-4.8.5/mpc-1.1.0-ijex5qs7pt44n7whqlgwqj4jwc3czkac/include -cxx-isystem /apps/spack/0.16.0/opt/spack/linux-rhel7-haswell/gcc-4.8.5/mpfr-4.0.2-yfoprebczoqpokivqgmnjn5os4r7mxw6/include -cxx-isystem /apps/spack/0.16.0/opt/spack/linux-rhel7-haswell/gcc-4.8.5/gmp-6.1.2-raqmdaosldybjrn6y2xnnnyy2f63hg6b/include -cxx-isystem /apps/2021/cuda/10.1/include -cxx-isystem /apps/spack/0.16.0/opt/spack/linux-rhel7-skylake_avx512/gcc-10.2.0/openssl-1.1.1h-iwybd6raqg2jisesulhn4eq4u6pua4r5/include -cxx-isystem /apps/spack/0.16.0/opt/spack/linux-rhel7-skylake_avx512/gcc-10.2.0/zlib-1.2.11-cd5sn7qr4dpsl52yco7o4un6svatshid/include -cxx-isystem /apps/spack/0.16.0/opt/spack/linux-rhel7-skylake_avx512/gcc-10.2.0/ncurses-6.2-hjedt2uy7o2piyycr3ttni2puoezbfu6/include -objc-isystem /apps/2021/cuda/10.1/include -internal-isystem /apps/spack/0.16.0/opt/spack/linux-rhel7-skylake_avx512/gcc-10.2.0/gcc-8.1.0-gptuaqlbqaldiydae2dtm7jojw6vy6hi/lib/gcc/x86_64-pc-linux-gnu/8.1.0/../../../../include/c++/8.1.0 -internal-isystem /apps/spack/0.16.0/opt/spack/linux-rhel7-skylake_avx512/gcc-10.2.0/gcc-8.1.0-gptuaqlbqaldiydae2dtm7jojw6vy6hi/lib/gcc/x86_64-pc-linux-gnu/8.1.0/../../../../include/c++/8.1.0/x86_64-pc-linux-gnu -internal-isystem /apps/spack/0.16.0/opt/spack/linux-rhel7-skylake_avx512/gcc-10.2.0/gcc-8.1.0-gptuaqlbqaldiydae2dtm7jojw6vy6hi/lib/gcc/x86_64-pc-linux-gnu/8.1.0/../../../../include/c++/8.1.0/backward -internal-isystem /usr/local/include -internal-isystem /apps/2021/llvm/11.0.0/lib/clang/11.0.0/include -internal-externc-isystem /include -internal-externc-isystem /usr/include -fdeprecated-macro -fdebug-compilation-dir /home/groubahiefissa/chps/chps0801_projet/kokkos/parallel/gauss_seidel/build-gpu/CMakeFiles/CMakeTmp -ferror-limit 19 -fgnuc-version=4.2.1 -fcxx-exceptions -fexceptions -faddrsig -o CMakeFiles/cmTC_e7be1.dir/CMakeCXXCompilerABI.cpp.o -x c++ /apps/spack/0.16.0/opt/spack/linux-rhel7-skylake_avx512/gcc-10.2.0/cmake-3.18.4-kw3wpvkxke7lo3atixjcvt4roclfopip/share/cmake-3.18/Modules/CMakeCXXCompilerABI.cpp]
  ignore line: [clang -cc1 version 11.0.0 based upon LLVM 11.0.0 default target x86_64-unknown-linux-gnu]
  ignore line: [ignoring nonexistent directory "/include"]
  ignore line: [ignoring duplicate directory "/apps/2021/cuda/10.1/include"]
  ignore line: [  as it is a non-system directory that duplicates a system directory]
  ignore line: [#include "..." search starts here:]
  ignore line: [#include <...> search starts here:]
  ignore line: [ /apps/2021/opencv/4.5.2-contrib/include/opencv4]
  ignore line: [ /apps/2021/llvm/11.0.0/include]
  ignore line: [ /apps/spack/0.16.0/opt/spack/linux-rhel7-skylake_avx512/gcc-10.2.0/libffi-3.3-cekv3mhygvn5fq2gr22ljv662iunrcsh/include]
  ignore line: [ /apps/spack/0.16.0/opt/spack/linux-rhel7-skylake_avx512/gcc-10.2.0/libelf-0.8.13-m5ndvdx7mc7al3xfq2venrdfo2laoy3g/include]
  ignore line: [ /apps/spack/0.16.0/opt/spack/linux-rhel7-haswell/gcc-4.8.5/isl-0.18-zwfd4x6n3v3vads3ncukk5mtgt6xv2qj/include]
  ignore line: [ /apps/spack/0.16.0/opt/spack/linux-rhel7-haswell/gcc-4.8.5/mpc-1.1.0-ijex5qs7pt44n7whqlgwqj4jwc3czkac/include]
  ignore line: [ /apps/spack/0.16.0/opt/spack/linux-rhel7-haswell/gcc-4.8.5/mpfr-4.0.2-yfoprebczoqpokivqgmnjn5os4r7mxw6/include]
  ignore line: [ /apps/spack/0.16.0/opt/spack/linux-rhel7-haswell/gcc-4.8.5/gmp-6.1.2-raqmdaosldybjrn6y2xnnnyy2f63hg6b/include]
  ignore line: [ /apps/2021/cuda/10.1/include]
  ignore line: [ /apps/spack/0.16.0/opt/spack/linux-rhel7-skylake_avx512/gcc-10.2.0/openssl-1.1.1h-iwybd6raqg2jisesulhn4eq4u6pua4r5/include]
  ignore line: [ /apps/spack/0.16.0/opt/spack/linux-rhel7-skylake_avx512/gcc-10.2.0/zlib-1.2.11-cd5sn7qr4dpsl52yco7o4un6svatshid/include]
  ignore line: [ /apps/spack/0.16.0/opt/spack/linux-rhel7-skylake_avx512/gcc-10.2.0/ncurses-6.2-hjedt2uy7o2piyycr3ttni2puoezbfu6/include]
  ignore line: [ /apps/spack/0.16.0/opt/spack/linux-rhel7-skylake_avx512/gcc-10.2.0/gcc-8.1.0-gptuaqlbqaldiydae2dtm7jojw6vy6hi/lib/gcc/x86_64-pc-linux-gnu/8.1.0/../../../../include/c++/8.1.0]
  ignore line: [ /apps/spack/0.16.0/opt/spack/linux-rhel7-skylake_avx512/gcc-10.2.0/gcc-8.1.0-gptuaqlbqaldiydae2dtm7jojw6vy6hi/lib/gcc/x86_64-pc-linux-gnu/8.1.0/../../../../include/c++/8.1.0/x86_64-pc-linux-gnu]
  ignore line: [ /apps/spack/0.16.0/opt/spack/linux-rhel7-skylake_avx512/gcc-10.2.0/gcc-8.1.0-gptuaqlbqaldiydae2dtm7jojw6vy6hi/lib/gcc/x86_64-pc-linux-gnu/8.1.0/../../../../include/c++/8.1.0/backward]
  ignore line: [ /usr/local/include]
  ignore line: [ /apps/2021/llvm/11.0.0/lib/clang/11.0.0/include]
  ignore line: [ /usr/include]
  ignore line: [End of search list.]
  ignore line: [Linking CXX executable cmTC_e7be1]
  ignore line: [/apps/spack/0.16.0/opt/spack/linux-rhel7-skylake_avx512/gcc-10.2.0/cmake-3.18.4-kw3wpvkxke7lo3atixjcvt4roclfopip/bin/cmake -E cmake_link_script CMakeFiles/cmTC_e7be1.dir/link.txt --verbose=1]
  ignore line: [/apps/2021/llvm/11.0.0/bin/clang++  -v CMakeFiles/cmTC_e7be1.dir/CMakeCXXCompilerABI.cpp.o -o cmTC_e7be1 ]
  ignore line: [clang version 11.0.0]
  ignore line: [Target: x86_64-unknown-linux-gnu]
  ignore line: [Thread model: posix]
  ignore line: [InstalledDir: /apps/2021/llvm/11.0.0/bin]
  ignore line: [Found candidate GCC installation: /apps/spack/0.16.0/opt/spack/linux-rhel7-skylake_avx512/gcc-10.2.0/gcc-8.1.0-gptuaqlbqaldiydae2dtm7jojw6vy6hi/lib/gcc/x86_64-pc-linux-gnu/8.1.0]
  ignore line: [Selected GCC installation: /apps/spack/0.16.0/opt/spack/linux-rhel7-skylake_avx512/gcc-10.2.0/gcc-8.1.0-gptuaqlbqaldiydae2dtm7jojw6vy6hi/lib/gcc/x86_64-pc-linux-gnu/8.1.0]
  ignore line: [Candidate multilib: .]
  ignore line: [@m64]
  ignore line: [Selected multilib: .]
  ignore line: [@m64]
  ignore line: [Found CUDA installation: /apps/2021/cuda/10.1  version 10.1]
  link line: [ "/usr/bin/ld" --hash-style=gnu --eh-frame-hdr -m elf_x86_64 -dynamic-linker /lib64/ld-linux-x86-64.so.2 -o cmTC_e7be1 /lib/../lib64/crt1.o /lib/../lib64/crti.o /apps/spack/0.16.0/opt/spack/linux-rhel7-skylake_avx512/gcc-10.2.0/gcc-8.1.0-gptuaqlbqaldiydae2dtm7jojw6vy6hi/lib/gcc/x86_64-pc-linux-gnu/8.1.0/crtbegin.o -L/apps/spack/0.16.0/opt/spack/linux-rhel7-skylake_avx512/gcc-10.2.0/gcc-8.1.0-gptuaqlbqaldiydae2dtm7jojw6vy6hi/lib/gcc/x86_64-pc-linux-gnu/8.1.0 -L/apps/spack/0.16.0/opt/spack/linux-rhel7-skylake_avx512/gcc-10.2.0/gcc-8.1.0-gptuaqlbqaldiydae2dtm7jojw6vy6hi/lib/gcc/x86_64-pc-linux-gnu/8.1.0/../../../../lib64 -L/lib/../lib64 -L/usr/lib/../lib64 -L/apps/spack/0.16.0/opt/spack/linux-rhel7-skylake_avx512/gcc-10.2.0/gcc-8.1.0-gptuaqlbqaldiydae2dtm7jojw6vy6hi/lib/gcc/x86_64-pc-linux-gnu/8.1.0/../../.. -L/apps/2021/llvm/11.0.0/bin/../lib -L/lib -L/usr/lib -L/apps/2021/llvm/11.0.0/lib -L/apps/2021/llvm/11.0.0/libexec -L/apps/spack/0.16.0/opt/spack/linux-rhel7-skylake_avx512/gcc-10.2.0/libffi-3.3-cekv3mhygvn5fq2gr22ljv662iunrcsh/lib64 -L/apps/spack/0.16.0/opt/spack/linux-rhel7-skylake_avx512/gcc-10.2.0/libffi-3.3-cekv3mhygvn5fq2gr22ljv662iunrcsh/lib -L/apps/spack/0.16.0/opt/spack/linux-rhel7-skylake_avx512/gcc-10.2.0/libelf-0.8.13-m5ndvdx7mc7al3xfq2venrdfo2laoy3g/lib -L/apps/spack/0.16.0/opt/spack/linux-rhel7-haswell/gcc-4.8.5/isl-0.18-zwfd4x6n3v3vads3ncukk5mtgt6xv2qj/lib -L/apps/spack/0.16.0/opt/spack/linux-rhel7-haswell/gcc-4.8.5/mpc-1.1.0-ijex5qs7pt44n7whqlgwqj4jwc3czkac/lib -L/apps/spack/0.16.0/opt/spack/linux-rhel7-haswell/gcc-4.8.5/mpfr-4.0.2-yfoprebczoqpokivqgmnjn5os4r7mxw6/lib -L/apps/spack/0.16.0/opt/spack/linux-rhel7-haswell/gcc-4.8.5/gmp-6.1.2-raqmdaosldybjrn6y2xnnnyy2f63hg6b/lib -L/apps/spack/0.16.0/opt/spack/linux-rhel7-skylake_avx512/gcc-10.2.0/openssl-1.1.1h-iwybd6raqg2jisesulhn4eq4u6pua4r5/lib -L/apps/spack/0.16.0/opt/spack/linux-rhel7-skylake_avx512/gcc-10.2.0/zlib-1.2.11-cd5sn7qr4dpsl52yco7o4un6svatshid/lib -L/apps/spack/0.16.0/opt/spack/linux-rhel7-skylake_avx512/gcc-10.2.0/ncurses-6.2-hjedt2uy7o2piyycr3ttni2puoezbfu6/lib -L/apps/2021/opencv/4.5.2-contrib/lib64 CMakeFiles/cmTC_e7be1.dir/CMakeCXXCompilerABI.cpp.o -lstdc++ -lm -lgcc_s -lgcc -lc -lgcc_s -lgcc /apps/spack/0.16.0/opt/spack/linux-rhel7-skylake_avx512/gcc-10.2.0/gcc-8.1.0-gptuaqlbqaldiydae2dtm7jojw6vy6hi/lib/gcc/x86_64-pc-linux-gnu/8.1.0/crtend.o /lib/../lib64/crtn.o]
    arg [/usr/bin/ld] ==> ignore
    arg [--hash-style=gnu] ==> ignore
    arg [--eh-frame-hdr] ==> ignore
    arg [-m] ==> ignore
    arg [elf_x86_64] ==> ignore
    arg [-dynamic-linker] ==> ignore
    arg [/lib64/ld-linux-x86-64.so.2] ==> ignore
    arg [-o] ==> ignore
    arg [cmTC_e7be1] ==> ignore
    arg [/lib/../lib64/crt1.o] ==> ignore
    arg [/lib/../lib64/crti.o] ==> ignore
    arg [/apps/spack/0.16.0/opt/spack/linux-rhel7-skylake_avx512/gcc-10.2.0/gcc-8.1.0-gptuaqlbqaldiydae2dtm7jojw6vy6hi/lib/gcc/x86_64-pc-linux-gnu/8.1.0/crtbegin.o] ==> ignore
    arg [-L/apps/spack/0.16.0/opt/spack/linux-rhel7-skylake_avx512/gcc-10.2.0/gcc-8.1.0-gptuaqlbqaldiydae2dtm7jojw6vy6hi/lib/gcc/x86_64-pc-linux-gnu/8.1.0] ==> dir [/apps/spack/0.16.0/opt/spack/linux-rhel7-skylake_avx512/gcc-10.2.0/gcc-8.1.0-gptuaqlbqaldiydae2dtm7jojw6vy6hi/lib/gcc/x86_64-pc-linux-gnu/8.1.0]
    arg [-L/apps/spack/0.16.0/opt/spack/linux-rhel7-skylake_avx512/gcc-10.2.0/gcc-8.1.0-gptuaqlbqaldiydae2dtm7jojw6vy6hi/lib/gcc/x86_64-pc-linux-gnu/8.1.0/../../../../lib64] ==> dir [/apps/spack/0.16.0/opt/spack/linux-rhel7-skylake_avx512/gcc-10.2.0/gcc-8.1.0-gptuaqlbqaldiydae2dtm7jojw6vy6hi/lib/gcc/x86_64-pc-linux-gnu/8.1.0/../../../../lib64]
    arg [-L/lib/../lib64] ==> dir [/lib/../lib64]
    arg [-L/usr/lib/../lib64] ==> dir [/usr/lib/../lib64]
    arg [-L/apps/spack/0.16.0/opt/spack/linux-rhel7-skylake_avx512/gcc-10.2.0/gcc-8.1.0-gptuaqlbqaldiydae2dtm7jojw6vy6hi/lib/gcc/x86_64-pc-linux-gnu/8.1.0/../../..] ==> dir [/apps/spack/0.16.0/opt/spack/linux-rhel7-skylake_avx512/gcc-10.2.0/gcc-8.1.0-gptuaqlbqaldiydae2dtm7jojw6vy6hi/lib/gcc/x86_64-pc-linux-gnu/8.1.0/../../..]
    arg [-L/apps/2021/llvm/11.0.0/bin/../lib] ==> dir [/apps/2021/llvm/11.0.0/bin/../lib]
    arg [-L/lib] ==> dir [/lib]
    arg [-L/usr/lib] ==> dir [/usr/lib]
    arg [-L/apps/2021/llvm/11.0.0/lib] ==> dir [/apps/2021/llvm/11.0.0/lib]
    arg [-L/apps/2021/llvm/11.0.0/libexec] ==> dir [/apps/2021/llvm/11.0.0/libexec]
    arg [-L/apps/spack/0.16.0/opt/spack/linux-rhel7-skylake_avx512/gcc-10.2.0/libffi-3.3-cekv3mhygvn5fq2gr22ljv662iunrcsh/lib64] ==> dir [/apps/spack/0.16.0/opt/spack/linux-rhel7-skylake_avx512/gcc-10.2.0/libffi-3.3-cekv3mhygvn5fq2gr22ljv662iunrcsh/lib64]
    arg [-L/apps/spack/0.16.0/opt/spack/linux-rhel7-skylake_avx512/gcc-10.2.0/libffi-3.3-cekv3mhygvn5fq2gr22ljv662iunrcsh/lib] ==> dir [/apps/spack/0.16.0/opt/spack/linux-rhel7-skylake_avx512/gcc-10.2.0/libffi-3.3-cekv3mhygvn5fq2gr22ljv662iunrcsh/lib]
    arg [-L/apps/spack/0.16.0/opt/spack/linux-rhel7-skylake_avx512/gcc-10.2.0/libelf-0.8.13-m5ndvdx7mc7al3xfq2venrdfo2laoy3g/lib] ==> dir [/apps/spack/0.16.0/opt/spack/linux-rhel7-skylake_avx512/gcc-10.2.0/libelf-0.8.13-m5ndvdx7mc7al3xfq2venrdfo2laoy3g/lib]
    arg [-L/apps/spack/0.16.0/opt/spack/linux-rhel7-haswell/gcc-4.8.5/isl-0.18-zwfd4x6n3v3vads3ncukk5mtgt6xv2qj/lib] ==> dir [/apps/spack/0.16.0/opt/spack/linux-rhel7-haswell/gcc-4.8.5/isl-0.18-zwfd4x6n3v3vads3ncukk5mtgt6xv2qj/lib]
    arg [-L/apps/spack/0.16.0/opt/spack/linux-rhel7-haswell/gcc-4.8.5/mpc-1.1.0-ijex5qs7pt44n7whqlgwqj4jwc3czkac/lib] ==> dir [/apps/spack/0.16.0/opt/spack/linux-rhel7-haswell/gcc-4.8.5/mpc-1.1.0-ijex5qs7pt44n7whqlgwqj4jwc3czkac/lib]
    arg [-L/apps/spack/0.16.0/opt/spack/linux-rhel7-haswell/gcc-4.8.5/mpfr-4.0.2-yfoprebczoqpokivqgmnjn5os4r7mxw6/lib] ==> dir [/apps/spack/0.16.0/opt/spack/linux-rhel7-haswell/gcc-4.8.5/mpfr-4.0.2-yfoprebczoqpokivqgmnjn5os4r7mxw6/lib]
    arg [-L/apps/spack/0.16.0/opt/spack/linux-rhel7-haswell/gcc-4.8.5/gmp-6.1.2-raqmdaosldybjrn6y2xnnnyy2f63hg6b/lib] ==> dir [/apps/spack/0.16.0/opt/spack/linux-rhel7-haswell/gcc-4.8.5/gmp-6.1.2-raqmdaosldybjrn6y2xnnnyy2f63hg6b/lib]
    arg [-L/apps/spack/0.16.0/opt/spack/linux-rhel7-skylake_avx512/gcc-10.2.0/openssl-1.1.1h-iwybd6raqg2jisesulhn4eq4u6pua4r5/lib] ==> dir [/apps/spack/0.16.0/opt/spack/linux-rhel7-skylake_avx512/gcc-10.2.0/openssl-1.1.1h-iwybd6raqg2jisesulhn4eq4u6pua4r5/lib]
    arg [-L/apps/spack/0.16.0/opt/spack/linux-rhel7-skylake_avx512/gcc-10.2.0/zlib-1.2.11-cd5sn7qr4dpsl52yco7o4un6svatshid/lib] ==> dir [/apps/spack/0.16.0/opt/spack/linux-rhel7-skylake_avx512/gcc-10.2.0/zlib-1.2.11-cd5sn7qr4dpsl52yco7o4un6svatshid/lib]
    arg [-L/apps/spack/0.16.0/opt/spack/linux-rhel7-skylake_avx512/gcc-10.2.0/ncurses-6.2-hjedt2uy7o2piyycr3ttni2puoezbfu6/lib] ==> dir [/apps/spack/0.16.0/opt/spack/linux-rhel7-skylake_avx512/gcc-10.2.0/ncurses-6.2-hjedt2uy7o2piyycr3ttni2puoezbfu6/lib]
    arg [-L/apps/2021/opencv/4.5.2-contrib/lib64] ==> dir [/apps/2021/opencv/4.5.2-contrib/lib64]
    arg [CMakeFiles/cmTC_e7be1.dir/CMakeCXXCompilerABI.cpp.o] ==> ignore
    arg [-lstdc++] ==> lib [stdc++]
    arg [-lm] ==> lib [m]
    arg [-lgcc_s] ==> lib [gcc_s]
    arg [-lgcc] ==> lib [gcc]
    arg [-lc] ==> lib [c]
    arg [-lgcc_s] ==> lib [gcc_s]
    arg [-lgcc] ==> lib [gcc]
    arg [/apps/spack/0.16.0/opt/spack/linux-rhel7-skylake_avx512/gcc-10.2.0/gcc-8.1.0-gptuaqlbqaldiydae2dtm7jojw6vy6hi/lib/gcc/x86_64-pc-linux-gnu/8.1.0/crtend.o] ==> ignore
    arg [/lib/../lib64/crtn.o] ==> ignore
  collapse library dir [/apps/spack/0.16.0/opt/spack/linux-rhel7-skylake_avx512/gcc-10.2.0/gcc-8.1.0-gptuaqlbqaldiydae2dtm7jojw6vy6hi/lib/gcc/x86_64-pc-linux-gnu/8.1.0] ==> [/apps/spack/0.16.0/opt/spack/linux-rhel7-skylake_avx512/gcc-10.2.0/gcc-8.1.0-gptuaqlbqaldiydae2dtm7jojw6vy6hi/lib/gcc/x86_64-pc-linux-gnu/8.1.0]
  collapse library dir [/apps/spack/0.16.0/opt/spack/linux-rhel7-skylake_avx512/gcc-10.2.0/gcc-8.1.0-gptuaqlbqaldiydae2dtm7jojw6vy6hi/lib/gcc/x86_64-pc-linux-gnu/8.1.0/../../../../lib64] ==> [/apps/spack/0.16.0/opt/spack/linux-rhel7-skylake_avx512/gcc-10.2.0/gcc-8.1.0-gptuaqlbqaldiydae2dtm7jojw6vy6hi/lib64]
  collapse library dir [/lib/../lib64] ==> [/lib64]
  collapse library dir [/usr/lib/../lib64] ==> [/usr/lib64]
  collapse library dir [/apps/spack/0.16.0/opt/spack/linux-rhel7-skylake_avx512/gcc-10.2.0/gcc-8.1.0-gptuaqlbqaldiydae2dtm7jojw6vy6hi/lib/gcc/x86_64-pc-linux-gnu/8.1.0/../../..] ==> [/apps/spack/0.16.0/opt/spack/linux-rhel7-skylake_avx512/gcc-10.2.0/gcc-8.1.0-gptuaqlbqaldiydae2dtm7jojw6vy6hi/lib]
  collapse library dir [/apps/2021/llvm/11.0.0/bin/../lib] ==> [/apps/2021/llvm/11.0.0/lib]
  collapse library dir [/lib] ==> [/lib]
  collapse library dir [/usr/lib] ==> [/usr/lib]
  collapse library dir [/apps/2021/llvm/11.0.0/lib] ==> [/apps/2021/llvm/11.0.0/lib]
  collapse library dir [/apps/2021/llvm/11.0.0/libexec] ==> [/apps/2021/llvm/11.0.0/libexec]
  collapse library dir [/apps/spack/0.16.0/opt/spack/linux-rhel7-skylake_avx512/gcc-10.2.0/libffi-3.3-cekv3mhygvn5fq2gr22ljv662iunrcsh/lib64] ==> [/apps/spack/0.16.0/opt/spack/linux-rhel7-skylake_avx512/gcc-10.2.0/libffi-3.3-cekv3mhygvn5fq2gr22ljv662iunrcsh/lib64]
  collapse library dir [/apps/spack/0.16.0/opt/spack/linux-rhel7-skylake_avx512/gcc-10.2.0/libffi-3.3-cekv3mhygvn5fq2gr22ljv662iunrcsh/lib] ==> [/apps/spack/0.16.0/opt/spack/linux-rhel7-skylake_avx512/gcc-10.2.0/libffi-3.3-cekv3mhygvn5fq2gr22ljv662iunrcsh/lib]
  collapse library dir [/apps/spack/0.16.0/opt/spack/linux-rhel7-skylake_avx512/gcc-10.2.0/libelf-0.8.13-m5ndvdx7mc7al3xfq2venrdfo2laoy3g/lib] ==> [/apps/spack/0.16.0/opt/spack/linux-rhel7-skylake_avx512/gcc-10.2.0/libelf-0.8.13-m5ndvdx7mc7al3xfq2venrdfo2laoy3g/lib]
  collapse library dir [/apps/spack/0.16.0/opt/spack/linux-rhel7-haswell/gcc-4.8.5/isl-0.18-zwfd4x6n3v3vads3ncukk5mtgt6xv2qj/lib] ==> [/apps/spack/0.16.0/opt/spack/linux-rhel7-haswell/gcc-4.8.5/isl-0.18-zwfd4x6n3v3vads3ncukk5mtgt6xv2qj/lib]
  collapse library dir [/apps/spack/0.16.0/opt/spack/linux-rhel7-haswell/gcc-4.8.5/mpc-1.1.0-ijex5qs7pt44n7whqlgwqj4jwc3czkac/lib] ==> [/apps/spack/0.16.0/opt/spack/linux-rhel7-haswell/gcc-4.8.5/mpc-1.1.0-ijex5qs7pt44n7whqlgwqj4jwc3czkac/lib]
  collapse library dir [/apps/spack/0.16.0/opt/spack/linux-rhel7-haswell/gcc-4.8.5/mpfr-4.0.2-yfoprebczoqpokivqgmnjn5os4r7mxw6/lib] ==> [/apps/spack/0.16.0/opt/spack/linux-rhel7-haswell/gcc-4.8.5/mpfr-4.0.2-yfoprebczoqpokivqgmnjn5os4r7mxw6/lib]
  collapse library dir [/apps/spack/0.16.0/opt/spack/linux-rhel7-haswell/gcc-4.8.5/gmp-6.1.2-raqmdaosldybjrn6y2xnnnyy2f63hg6b/lib] ==> [/apps/spack/0.16.0/opt/spack/linux-rhel7-haswell/gcc-4.8.5/gmp-6.1.2-raqmdaosldybjrn6y2xnnnyy2f63hg6b/lib]
  collapse library dir [/apps/spack/0.16.0/opt/spack/linux-rhel7-skylake_avx512/gcc-10.2.0/openssl-1.1.1h-iwybd6raqg2jisesulhn4eq4u6pua4r5/lib] ==> [/apps/spack/0.16.0/opt/spack/linux-rhel7-skylake_avx512/gcc-10.2.0/openssl-1.1.1h-iwybd6raqg2jisesulhn4eq4u6pua4r5/lib]
  collapse library dir [/apps/spack/0.16.0/opt/spack/linux-rhel7-skylake_avx512/gcc-10.2.0/zlib-1.2.11-cd5sn7qr4dpsl52yco7o4un6svatshid/lib] ==> [/apps/spack/0.16.0/opt/spack/linux-rhel7-skylake_avx512/gcc-10.2.0/zlib-1.2.11-cd5sn7qr4dpsl52yco7o4un6svatshid/lib]
  collapse library dir [/apps/spack/0.16.0/opt/spack/linux-rhel7-skylake_avx512/gcc-10.2.0/ncurses-6.2-hjedt2uy7o2piyycr3ttni2puoezbfu6/lib] ==> [/apps/spack/0.16.0/opt/spack/linux-rhel7-skylake_avx512/gcc-10.2.0/ncurses-6.2-hjedt2uy7o2piyycr3ttni2puoezbfu6/lib]
  collapse library dir [/apps/2021/opencv/4.5.2-contrib/lib64] ==> [/apps/2021/opencv/4.5.2-contrib/lib64]
  implicit libs: [stdc++;m;gcc_s;gcc;c;gcc_s;gcc]
  implicit dirs: [/apps/spack/0.16.0/opt/spack/linux-rhel7-skylake_avx512/gcc-10.2.0/gcc-8.1.0-gptuaqlbqaldiydae2dtm7jojw6vy6hi/lib/gcc/x86_64-pc-linux-gnu/8.1.0;/apps/spack/0.16.0/opt/spack/linux-rhel7-skylake_avx512/gcc-10.2.0/gcc-8.1.0-gptuaqlbqaldiydae2dtm7jojw6vy6hi/lib64;/lib64;/usr/lib64;/apps/spack/0.16.0/opt/spack/linux-rhel7-skylake_avx512/gcc-10.2.0/gcc-8.1.0-gptuaqlbqaldiydae2dtm7jojw6vy6hi/lib;/apps/2021/llvm/11.0.0/lib;/lib;/usr/lib;/apps/2021/llvm/11.0.0/libexec;/apps/spack/0.16.0/opt/spack/linux-rhel7-skylake_avx512/gcc-10.2.0/libffi-3.3-cekv3mhygvn5fq2gr22ljv662iunrcsh/lib64;/apps/spack/0.16.0/opt/spack/linux-rhel7-skylake_avx512/gcc-10.2.0/libffi-3.3-cekv3mhygvn5fq2gr22ljv662iunrcsh/lib;/apps/spack/0.16.0/opt/spack/linux-rhel7-skylake_avx512/gcc-10.2.0/libelf-0.8.13-m5ndvdx7mc7al3xfq2venrdfo2laoy3g/lib;/apps/spack/0.16.0/opt/spack/linux-rhel7-haswell/gcc-4.8.5/isl-0.18-zwfd4x6n3v3vads3ncukk5mtgt6xv2qj/lib;/apps/spack/0.16.0/opt/spack/linux-rhel7-haswell/gcc-4.8.5/mpc-1.1.0-ijex5qs7pt44n7whqlgwqj4jwc3czkac/lib;/apps/spack/0.16.0/opt/spack/linux-rhel7-haswell/gcc-4.8.5/mpfr-4.0.2-yfoprebczoqpokivqgmnjn5os4r7mxw6/lib;/apps/spack/0.16.0/opt/spack/linux-rhel7-haswell/gcc-4.8.5/gmp-6.1.2-raqmdaosldybjrn6y2xnnnyy2f63hg6b/lib;/apps/spack/0.16.0/opt/spack/linux-rhel7-skylake_avx512/gcc-10.2.0/openssl-1.1.1h-iwybd6raqg2jisesulhn4eq4u6pua4r5/lib;/apps/spack/0.16.0/opt/spack/linux-rhel7-skylake_avx512/gcc-10.2.0/zlib-1.2.11-cd5sn7qr4dpsl52yco7o4un6svatshid/lib;/apps/spack/0.16.0/opt/spack/linux-rhel7-skylake_avx512/gcc-10.2.0/ncurses-6.2-hjedt2uy7o2piyycr3ttni2puoezbfu6/lib;/apps/2021/opencv/4.5.2-contrib/lib64]
  implicit fwks: []


Determining if the include file pthread.h exists passed with the following output:
Change Dir: /home/groubahiefissa/chps/chps0801_projet/kokkos/parallel/gauss_seidel/build-gpu/CMakeFiles/CMakeTmp

Run Build Command(s):/usr/bin/gmake cmTC_556ee/fast && /usr/bin/gmake  -f CMakeFiles/cmTC_556ee.dir/build.make CMakeFiles/cmTC_556ee.dir/build
gmake[1]: Entering directory `/home/groubahiefissa/chps/chps0801_projet/kokkos/parallel/gauss_seidel/build-gpu/CMakeFiles/CMakeTmp'
Building C object CMakeFiles/cmTC_556ee.dir/CheckIncludeFile.c.o
/apps/2021/llvm/11.0.0/bin/clang    -o CMakeFiles/cmTC_556ee.dir/CheckIncludeFile.c.o -c /home/groubahiefissa/chps/chps0801_projet/kokkos/parallel/gauss_seidel/build-gpu/CMakeFiles/CMakeTmp/CheckIncludeFile.c
Linking C executable cmTC_556ee
/apps/spack/0.16.0/opt/spack/linux-rhel7-skylake_avx512/gcc-10.2.0/cmake-3.18.4-kw3wpvkxke7lo3atixjcvt4roclfopip/bin/cmake -E cmake_link_script CMakeFiles/cmTC_556ee.dir/link.txt --verbose=1
/apps/2021/llvm/11.0.0/bin/clang CMakeFiles/cmTC_556ee.dir/CheckIncludeFile.c.o -o cmTC_556ee 
gmake[1]: Leaving directory `/home/groubahiefissa/chps/chps0801_projet/kokkos/parallel/gauss_seidel/build-gpu/CMakeFiles/CMakeTmp'



Determining if the function pthread_create exists in the pthread passed with the following output:
Change Dir: /home/groubahiefissa/chps/chps0801_projet/kokkos/parallel/gauss_seidel/build-gpu/CMakeFiles/CMakeTmp

Run Build Command(s):/usr/bin/gmake cmTC_0a173/fast && /usr/bin/gmake  -f CMakeFiles/cmTC_0a173.dir/build.make CMakeFiles/cmTC_0a173.dir/build
gmake[1]: Entering directory `/home/groubahiefissa/chps/chps0801_projet/kokkos/parallel/gauss_seidel/build-gpu/CMakeFiles/CMakeTmp'
Building C object CMakeFiles/cmTC_0a173.dir/CheckFunctionExists.c.o
/apps/2021/llvm/11.0.0/bin/clang   -DCHECK_FUNCTION_EXISTS=pthread_create -o CMakeFiles/cmTC_0a173.dir/CheckFunctionExists.c.o -c /apps/spack/0.16.0/opt/spack/linux-rhel7-skylake_avx512/gcc-10.2.0/cmake-3.18.4-kw3wpvkxke7lo3atixjcvt4roclfopip/share/cmake-3.18/Modules/CheckFunctionExists.c
Linking C executable cmTC_0a173
/apps/spack/0.16.0/opt/spack/linux-rhel7-skylake_avx512/gcc-10.2.0/cmake-3.18.4-kw3wpvkxke7lo3atixjcvt4roclfopip/bin/cmake -E cmake_link_script CMakeFiles/cmTC_0a173.dir/link.txt --verbose=1
/apps/2021/llvm/11.0.0/bin/clang  -DCHECK_FUNCTION_EXISTS=pthread_create CMakeFiles/cmTC_0a173.dir/CheckFunctionExists.c.o -o cmTC_0a173  -lpthread 
gmake[1]: Leaving directory `/home/groubahiefissa/chps/chps0801_projet/kokkos/parallel/gauss_seidel/build-gpu/CMakeFiles/CMakeTmp'



